2022-05-07 16:49:08 - root - DEBUG     - pre_mouse.py : 129 line - -------------------------------------
2022-05-07 16:49:08 - root - DEBUG     - pre_mouse.py : 137 line - 30s start read data!
2022-05-07 16:49:08 - root - INFO      - pre_mouse.py : 70 line - chenyu 第1小时
2022-05-07 16:49:08 - root - INFO      - pre_mouse.py : 70 line - dongzhenyu 第1小时
2022-05-07 16:49:08 - root - INFO      - pre_mouse.py : 70 line - leishengchuan 第1小时
2022-05-07 16:49:08 - root - INFO      - pre_mouse.py : 70 line - liyajie 第1小时
2022-05-07 16:49:08 - root - INFO      - pre_mouse.py : 70 line - maoyu 第1小时
2022-05-07 16:49:08 - root - INFO      - pre_mouse.py : 70 line - niudanyang 第1小时
2022-05-07 16:49:08 - root - INFO      - pre_mouse.py : 70 line - renqiuchen 第1小时
2022-05-07 16:49:08 - root - INFO      - pre_mouse.py : 70 line - shenyanping 第1小时
2022-05-07 16:49:08 - root - INFO      - pre_mouse.py : 70 line - wangcheng 第1小时
2022-05-07 16:49:08 - root - INFO      - pre_mouse.py : 70 line - wanghe 第1小时
2022-05-07 16:49:08 - root - INFO      - pre_mouse.py : 70 line - chenyu 第2小时
2022-05-07 16:49:08 - root - INFO      - pre_mouse.py : 70 line - dongzhenyu 第2小时
2022-05-07 16:49:08 - root - INFO      - pre_mouse.py : 70 line - leishengchuan 第2小时
2022-05-07 16:49:08 - root - INFO      - pre_mouse.py : 70 line - liyajie 第2小时
2022-05-07 16:49:08 - root - INFO      - pre_mouse.py : 70 line - maoyu 第2小时
2022-05-07 16:49:08 - root - INFO      - pre_mouse.py : 70 line - niudanyang 第2小时
2022-05-07 16:49:08 - root - INFO      - pre_mouse.py : 70 line - renqiuchen 第2小时
2022-05-07 16:49:08 - root - INFO      - pre_mouse.py : 70 line - shenyanping 第2小时
2022-05-07 16:49:08 - root - INFO      - pre_mouse.py : 70 line - wangcheng 第2小时
2022-05-07 16:49:08 - root - INFO      - pre_mouse.py : 70 line - wanghe 第2小时
2022-05-07 16:49:08 - root - INFO      - pre_mouse.py : 70 line - chenyu 第3小时
2022-05-07 16:49:08 - root - INFO      - pre_mouse.py : 70 line - dongzhenyu 第3小时
2022-05-07 16:49:08 - root - INFO      - pre_mouse.py : 70 line - leishengchuan 第3小时
2022-05-07 16:49:08 - root - INFO      - pre_mouse.py : 70 line - liyajie 第3小时
2022-05-07 16:49:08 - root - INFO      - pre_mouse.py : 70 line - maoyu 第3小时
2022-05-07 16:49:08 - root - INFO      - pre_mouse.py : 70 line - niudanyang 第3小时
2022-05-07 16:49:08 - root - INFO      - pre_mouse.py : 70 line - renqiuchen 第3小时
2022-05-07 16:49:08 - root - INFO      - pre_mouse.py : 70 line - shenyanping 第3小时
2022-05-07 16:49:08 - root - INFO      - pre_mouse.py : 70 line - wangcheng 第3小时
2022-05-07 16:49:08 - root - INFO      - pre_mouse.py : 70 line - wanghe 第3小时
2022-05-07 16:49:08 - root - INFO      - pre_mouse.py : 70 line - chenyu 第4小时
2022-05-07 16:49:08 - root - INFO      - pre_mouse.py : 70 line - dongzhenyu 第4小时
2022-05-07 16:49:08 - root - INFO      - pre_mouse.py : 70 line - leishengchuan 第4小时
2022-05-07 16:49:08 - root - INFO      - pre_mouse.py : 70 line - liyajie 第4小时
2022-05-07 16:49:08 - root - INFO      - pre_mouse.py : 70 line - maoyu 第4小时
2022-05-07 16:49:08 - root - INFO      - pre_mouse.py : 70 line - niudanyang 第4小时
2022-05-07 16:49:08 - root - INFO      - pre_mouse.py : 70 line - renqiuchen 第4小时
2022-05-07 16:49:08 - root - INFO      - pre_mouse.py : 70 line - shenyanping 第4小时
2022-05-07 16:49:08 - root - INFO      - pre_mouse.py : 70 line - wangcheng 第4小时
2022-05-07 16:49:08 - root - INFO      - pre_mouse.py : 70 line - wanghe 第4小时
2022-05-07 16:49:08 - root - INFO      - pre_mouse.py : 70 line - chenyu 第5小时
2022-05-07 16:49:08 - root - INFO      - pre_mouse.py : 70 line - dongzhenyu 第5小时
2022-05-07 16:49:08 - root - INFO      - pre_mouse.py : 70 line - leishengchuan 第5小时
2022-05-07 16:49:08 - root - INFO      - pre_mouse.py : 70 line - liyajie 第5小时
2022-05-07 16:49:08 - root - INFO      - pre_mouse.py : 70 line - maoyu 第5小时
2022-05-07 16:49:08 - root - INFO      - pre_mouse.py : 70 line - niudanyang 第5小时
2022-05-07 16:49:08 - root - INFO      - pre_mouse.py : 70 line - renqiuchen 第5小时
2022-05-07 16:49:08 - root - INFO      - pre_mouse.py : 70 line - shenyanping 第5小时
2022-05-07 16:49:08 - root - INFO      - pre_mouse.py : 70 line - wangcheng 第5小时
2022-05-07 16:49:08 - root - INFO      - pre_mouse.py : 70 line - wanghe 第5小时
2022-05-07 16:49:08 - root - INFO      - pre_mouse.py : 70 line - chenyu 第6小时
2022-05-07 16:49:08 - root - INFO      - pre_mouse.py : 70 line - dongzhenyu 第6小时
2022-05-07 16:49:08 - root - INFO      - pre_mouse.py : 70 line - leishengchuan 第6小时
2022-05-07 16:49:08 - root - INFO      - pre_mouse.py : 70 line - liyajie 第6小时
2022-05-07 16:49:08 - root - INFO      - pre_mouse.py : 70 line - maoyu 第6小时
2022-05-07 16:49:08 - root - INFO      - pre_mouse.py : 70 line - niudanyang 第6小时
2022-05-07 16:49:08 - root - INFO      - pre_mouse.py : 70 line - renqiuchen 第6小时
2022-05-07 16:49:08 - root - INFO      - pre_mouse.py : 70 line - shenyanping 第6小时
2022-05-07 16:49:08 - root - INFO      - pre_mouse.py : 70 line - wangcheng 第6小时
2022-05-07 16:49:08 - root - INFO      - pre_mouse.py : 70 line - wanghe 第6小时
2022-05-07 16:49:08 - root - INFO      - pre_mouse.py : 70 line - chenyu 第7小时
2022-05-07 16:49:08 - root - INFO      - pre_mouse.py : 70 line - dongzhenyu 第7小时
2022-05-07 16:49:08 - root - INFO      - pre_mouse.py : 70 line - leishengchuan 第7小时
2022-05-07 16:49:08 - root - INFO      - pre_mouse.py : 70 line - liyajie 第7小时
2022-05-07 16:49:08 - root - INFO      - pre_mouse.py : 70 line - maoyu 第7小时
2022-05-07 16:49:08 - root - INFO      - pre_mouse.py : 70 line - niudanyang 第7小时
2022-05-07 16:49:08 - root - INFO      - pre_mouse.py : 70 line - renqiuchen 第7小时
2022-05-07 16:49:08 - root - INFO      - pre_mouse.py : 70 line - shenyanping 第7小时
2022-05-07 16:49:08 - root - INFO      - pre_mouse.py : 70 line - wangcheng 第7小时
2022-05-07 16:49:08 - root - INFO      - pre_mouse.py : 70 line - wanghe 第7小时
2022-05-07 16:49:08 - root - INFO      - pre_mouse.py : 70 line - chenyu 第8小时
2022-05-07 16:49:08 - root - INFO      - pre_mouse.py : 70 line - dongzhenyu 第8小时
2022-05-07 16:49:08 - root - INFO      - pre_mouse.py : 70 line - leishengchuan 第8小时
2022-05-07 16:49:08 - root - INFO      - pre_mouse.py : 70 line - liyajie 第8小时
2022-05-07 16:49:08 - root - INFO      - pre_mouse.py : 70 line - maoyu 第8小时
2022-05-07 16:49:08 - root - INFO      - pre_mouse.py : 70 line - niudanyang 第8小时
2022-05-07 16:49:08 - root - INFO      - pre_mouse.py : 70 line - renqiuchen 第8小时
2022-05-07 16:49:08 - root - INFO      - pre_mouse.py : 70 line - shenyanping 第8小时
2022-05-07 16:49:08 - root - INFO      - pre_mouse.py : 70 line - wangcheng 第8小时
2022-05-07 16:49:08 - root - INFO      - pre_mouse.py : 70 line - wanghe 第8小时
2022-05-07 16:49:08 - root - INFO      - pre_mouse.py : 70 line - chenyu 第9小时
2022-05-07 16:49:08 - root - INFO      - pre_mouse.py : 70 line - dongzhenyu 第9小时
2022-05-07 16:49:08 - root - INFO      - pre_mouse.py : 70 line - leishengchuan 第9小时
2022-05-07 16:49:08 - root - INFO      - pre_mouse.py : 70 line - liyajie 第9小时
2022-05-07 16:49:08 - root - INFO      - pre_mouse.py : 70 line - maoyu 第9小时
2022-05-07 16:49:08 - root - INFO      - pre_mouse.py : 70 line - niudanyang 第9小时
2022-05-07 16:49:08 - root - INFO      - pre_mouse.py : 70 line - renqiuchen 第9小时
2022-05-07 16:49:08 - root - INFO      - pre_mouse.py : 70 line - shenyanping 第9小时
2022-05-07 16:49:08 - root - INFO      - pre_mouse.py : 70 line - wangcheng 第9小时
2022-05-07 16:49:08 - root - INFO      - pre_mouse.py : 70 line - wanghe 第9小时
2022-05-07 16:49:08 - root - INFO      - pre_mouse.py : 70 line - chenyu 第10小时
2022-05-07 16:49:08 - root - INFO      - pre_mouse.py : 70 line - dongzhenyu 第10小时
2022-05-07 16:49:08 - root - INFO      - pre_mouse.py : 70 line - leishengchuan 第10小时
2022-05-07 16:49:08 - root - INFO      - pre_mouse.py : 70 line - liyajie 第10小时
2022-05-07 16:49:08 - root - INFO      - pre_mouse.py : 70 line - maoyu 第10小时
2022-05-07 16:49:08 - root - INFO      - pre_mouse.py : 70 line - niudanyang 第10小时
2022-05-07 16:49:09 - root - INFO      - pre_mouse.py : 70 line - renqiuchen 第10小时
2022-05-07 16:49:09 - root - INFO      - pre_mouse.py : 70 line - shenyanping 第10小时
2022-05-07 16:49:09 - root - INFO      - pre_mouse.py : 70 line - wangcheng 第10小时
2022-05-07 16:49:09 - root - INFO      - pre_mouse.py : 70 line - wanghe 第10小时
2022-05-07 16:49:09 - root - DEBUG     - pre_mouse.py : 139 line - read data ok!
2022-05-07 16:49:09 - root - DEBUG     - pre_mouse.py : 143 line - remove ok!
2022-05-07 16:49:09 - root - DEBUG     - pre_mouse.py : 149 line - start save!
2022-05-07 16:49:09 - root - DEBUG     - pre_mouse.py : 151 line - save ok!
2022-05-07 16:49:09 - root - DEBUG     - pre_mouse.py : 137 line - 60s start read data!
2022-05-07 16:49:09 - root - INFO      - pre_mouse.py : 70 line - chenyu 第1小时
2022-05-07 16:49:09 - root - INFO      - pre_mouse.py : 70 line - dongzhenyu 第1小时
2022-05-07 16:49:09 - root - INFO      - pre_mouse.py : 70 line - leishengchuan 第1小时
2022-05-07 16:49:09 - root - INFO      - pre_mouse.py : 70 line - liyajie 第1小时
2022-05-07 16:49:09 - root - INFO      - pre_mouse.py : 70 line - maoyu 第1小时
2022-05-07 16:49:09 - root - INFO      - pre_mouse.py : 70 line - niudanyang 第1小时
2022-05-07 16:49:09 - root - INFO      - pre_mouse.py : 70 line - renqiuchen 第1小时
2022-05-07 16:49:09 - root - INFO      - pre_mouse.py : 70 line - shenyanping 第1小时
2022-05-07 16:49:09 - root - INFO      - pre_mouse.py : 70 line - wangcheng 第1小时
2022-05-07 16:49:09 - root - INFO      - pre_mouse.py : 70 line - wanghe 第1小时
2022-05-07 16:49:09 - root - INFO      - pre_mouse.py : 70 line - chenyu 第2小时
2022-05-07 16:49:09 - root - INFO      - pre_mouse.py : 70 line - dongzhenyu 第2小时
2022-05-07 16:49:09 - root - INFO      - pre_mouse.py : 70 line - leishengchuan 第2小时
2022-05-07 16:49:09 - root - INFO      - pre_mouse.py : 70 line - liyajie 第2小时
2022-05-07 16:49:09 - root - INFO      - pre_mouse.py : 70 line - maoyu 第2小时
2022-05-07 16:49:09 - root - INFO      - pre_mouse.py : 70 line - niudanyang 第2小时
2022-05-07 16:49:09 - root - INFO      - pre_mouse.py : 70 line - renqiuchen 第2小时
2022-05-07 16:49:09 - root - INFO      - pre_mouse.py : 70 line - shenyanping 第2小时
2022-05-07 16:49:09 - root - INFO      - pre_mouse.py : 70 line - wangcheng 第2小时
2022-05-07 16:49:09 - root - INFO      - pre_mouse.py : 70 line - wanghe 第2小时
2022-05-07 16:49:09 - root - INFO      - pre_mouse.py : 70 line - chenyu 第3小时
2022-05-07 16:49:09 - root - INFO      - pre_mouse.py : 70 line - dongzhenyu 第3小时
2022-05-07 16:49:09 - root - INFO      - pre_mouse.py : 70 line - leishengchuan 第3小时
2022-05-07 16:49:09 - root - INFO      - pre_mouse.py : 70 line - liyajie 第3小时
2022-05-07 16:49:09 - root - INFO      - pre_mouse.py : 70 line - maoyu 第3小时
2022-05-07 16:49:09 - root - INFO      - pre_mouse.py : 70 line - niudanyang 第3小时
2022-05-07 16:49:09 - root - INFO      - pre_mouse.py : 70 line - renqiuchen 第3小时
2022-05-07 16:49:09 - root - INFO      - pre_mouse.py : 70 line - shenyanping 第3小时
2022-05-07 16:49:09 - root - INFO      - pre_mouse.py : 70 line - wangcheng 第3小时
2022-05-07 16:49:09 - root - INFO      - pre_mouse.py : 70 line - wanghe 第3小时
2022-05-07 16:49:09 - root - INFO      - pre_mouse.py : 70 line - chenyu 第4小时
2022-05-07 16:49:09 - root - INFO      - pre_mouse.py : 70 line - dongzhenyu 第4小时
2022-05-07 16:49:09 - root - INFO      - pre_mouse.py : 70 line - leishengchuan 第4小时
2022-05-07 16:49:09 - root - INFO      - pre_mouse.py : 70 line - liyajie 第4小时
2022-05-07 16:49:09 - root - INFO      - pre_mouse.py : 70 line - maoyu 第4小时
2022-05-07 16:49:09 - root - INFO      - pre_mouse.py : 70 line - niudanyang 第4小时
2022-05-07 16:49:09 - root - INFO      - pre_mouse.py : 70 line - renqiuchen 第4小时
2022-05-07 16:49:09 - root - INFO      - pre_mouse.py : 70 line - shenyanping 第4小时
2022-05-07 16:49:09 - root - INFO      - pre_mouse.py : 70 line - wangcheng 第4小时
2022-05-07 16:49:09 - root - INFO      - pre_mouse.py : 70 line - wanghe 第4小时
2022-05-07 16:49:09 - root - INFO      - pre_mouse.py : 70 line - chenyu 第5小时
2022-05-07 16:49:09 - root - INFO      - pre_mouse.py : 70 line - dongzhenyu 第5小时
2022-05-07 16:49:09 - root - INFO      - pre_mouse.py : 70 line - leishengchuan 第5小时
2022-05-07 16:49:09 - root - INFO      - pre_mouse.py : 70 line - liyajie 第5小时
2022-05-07 16:49:09 - root - INFO      - pre_mouse.py : 70 line - maoyu 第5小时
2022-05-07 16:49:09 - root - INFO      - pre_mouse.py : 70 line - niudanyang 第5小时
2022-05-07 16:49:09 - root - INFO      - pre_mouse.py : 70 line - renqiuchen 第5小时
2022-05-07 16:49:09 - root - INFO      - pre_mouse.py : 70 line - shenyanping 第5小时
2022-05-07 16:49:09 - root - INFO      - pre_mouse.py : 70 line - wangcheng 第5小时
2022-05-07 16:49:09 - root - INFO      - pre_mouse.py : 70 line - wanghe 第5小时
2022-05-07 16:49:09 - root - INFO      - pre_mouse.py : 70 line - chenyu 第6小时
2022-05-07 16:49:09 - root - INFO      - pre_mouse.py : 70 line - dongzhenyu 第6小时
2022-05-07 16:49:09 - root - INFO      - pre_mouse.py : 70 line - leishengchuan 第6小时
2022-05-07 16:49:09 - root - INFO      - pre_mouse.py : 70 line - liyajie 第6小时
2022-05-07 16:49:09 - root - INFO      - pre_mouse.py : 70 line - maoyu 第6小时
2022-05-07 16:49:09 - root - INFO      - pre_mouse.py : 70 line - niudanyang 第6小时
2022-05-07 16:49:09 - root - INFO      - pre_mouse.py : 70 line - renqiuchen 第6小时
2022-05-07 16:49:09 - root - INFO      - pre_mouse.py : 70 line - shenyanping 第6小时
2022-05-07 16:49:09 - root - INFO      - pre_mouse.py : 70 line - wangcheng 第6小时
2022-05-07 16:49:09 - root - INFO      - pre_mouse.py : 70 line - wanghe 第6小时
2022-05-07 16:49:09 - root - INFO      - pre_mouse.py : 70 line - chenyu 第7小时
2022-05-07 16:49:09 - root - INFO      - pre_mouse.py : 70 line - dongzhenyu 第7小时
2022-05-07 16:49:09 - root - INFO      - pre_mouse.py : 70 line - leishengchuan 第7小时
2022-05-07 16:49:09 - root - INFO      - pre_mouse.py : 70 line - liyajie 第7小时
2022-05-07 16:49:09 - root - INFO      - pre_mouse.py : 70 line - maoyu 第7小时
2022-05-07 16:49:09 - root - INFO      - pre_mouse.py : 70 line - niudanyang 第7小时
2022-05-07 16:49:09 - root - INFO      - pre_mouse.py : 70 line - renqiuchen 第7小时
2022-05-07 16:49:09 - root - INFO      - pre_mouse.py : 70 line - shenyanping 第7小时
2022-05-07 16:49:09 - root - INFO      - pre_mouse.py : 70 line - wangcheng 第7小时
2022-05-07 16:49:09 - root - INFO      - pre_mouse.py : 70 line - wanghe 第7小时
2022-05-07 16:49:09 - root - INFO      - pre_mouse.py : 70 line - chenyu 第8小时
2022-05-07 16:49:09 - root - INFO      - pre_mouse.py : 70 line - dongzhenyu 第8小时
2022-05-07 16:49:09 - root - INFO      - pre_mouse.py : 70 line - leishengchuan 第8小时
2022-05-07 16:49:09 - root - INFO      - pre_mouse.py : 70 line - liyajie 第8小时
2022-05-07 16:49:09 - root - INFO      - pre_mouse.py : 70 line - maoyu 第8小时
2022-05-07 16:49:09 - root - INFO      - pre_mouse.py : 70 line - niudanyang 第8小时
2022-05-07 16:49:09 - root - INFO      - pre_mouse.py : 70 line - renqiuchen 第8小时
2022-05-07 16:49:09 - root - INFO      - pre_mouse.py : 70 line - shenyanping 第8小时
2022-05-07 16:49:09 - root - INFO      - pre_mouse.py : 70 line - wangcheng 第8小时
2022-05-07 16:49:09 - root - INFO      - pre_mouse.py : 70 line - wanghe 第8小时
2022-05-07 16:49:09 - root - INFO      - pre_mouse.py : 70 line - chenyu 第9小时
2022-05-07 16:49:09 - root - INFO      - pre_mouse.py : 70 line - dongzhenyu 第9小时
2022-05-07 16:49:09 - root - INFO      - pre_mouse.py : 70 line - leishengchuan 第9小时
2022-05-07 16:49:09 - root - INFO      - pre_mouse.py : 70 line - liyajie 第9小时
2022-05-07 16:49:09 - root - INFO      - pre_mouse.py : 70 line - maoyu 第9小时
2022-05-07 16:49:09 - root - INFO      - pre_mouse.py : 70 line - niudanyang 第9小时
2022-05-07 16:49:09 - root - INFO      - pre_mouse.py : 70 line - renqiuchen 第9小时
2022-05-07 16:49:09 - root - INFO      - pre_mouse.py : 70 line - shenyanping 第9小时
2022-05-07 16:49:09 - root - INFO      - pre_mouse.py : 70 line - wangcheng 第9小时
2022-05-07 16:49:09 - root - INFO      - pre_mouse.py : 70 line - wanghe 第9小时
2022-05-07 16:49:09 - root - INFO      - pre_mouse.py : 70 line - chenyu 第10小时
2022-05-07 16:49:09 - root - INFO      - pre_mouse.py : 70 line - dongzhenyu 第10小时
2022-05-07 16:49:09 - root - INFO      - pre_mouse.py : 70 line - leishengchuan 第10小时
2022-05-07 16:49:09 - root - INFO      - pre_mouse.py : 70 line - liyajie 第10小时
2022-05-07 16:49:09 - root - INFO      - pre_mouse.py : 70 line - maoyu 第10小时
2022-05-07 16:49:09 - root - INFO      - pre_mouse.py : 70 line - niudanyang 第10小时
2022-05-07 16:49:09 - root - INFO      - pre_mouse.py : 70 line - renqiuchen 第10小时
2022-05-07 16:49:09 - root - INFO      - pre_mouse.py : 70 line - shenyanping 第10小时
2022-05-07 16:49:10 - root - INFO      - pre_mouse.py : 70 line - wangcheng 第10小时
2022-05-07 16:49:10 - root - INFO      - pre_mouse.py : 70 line - wanghe 第10小时
2022-05-07 16:49:10 - root - DEBUG     - pre_mouse.py : 139 line - read data ok!
2022-05-07 16:49:10 - root - DEBUG     - pre_mouse.py : 143 line - remove ok!
2022-05-07 16:49:10 - root - DEBUG     - pre_mouse.py : 149 line - start save!
2022-05-07 16:49:10 - root - DEBUG     - pre_mouse.py : 151 line - save ok!
2022-05-07 16:49:10 - root - DEBUG     - pre_mouse.py : 137 line - 90s start read data!
2022-05-07 16:49:10 - root - INFO      - pre_mouse.py : 70 line - chenyu 第1小时
2022-05-07 16:49:10 - root - INFO      - pre_mouse.py : 70 line - dongzhenyu 第1小时
2022-05-07 16:49:10 - root - INFO      - pre_mouse.py : 70 line - leishengchuan 第1小时
2022-05-07 16:49:10 - root - INFO      - pre_mouse.py : 70 line - liyajie 第1小时
2022-05-07 16:49:10 - root - INFO      - pre_mouse.py : 70 line - maoyu 第1小时
2022-05-07 16:49:10 - root - INFO      - pre_mouse.py : 70 line - niudanyang 第1小时
2022-05-07 16:49:10 - root - INFO      - pre_mouse.py : 70 line - renqiuchen 第1小时
2022-05-07 16:49:10 - root - INFO      - pre_mouse.py : 70 line - shenyanping 第1小时
2022-05-07 16:49:10 - root - INFO      - pre_mouse.py : 70 line - wangcheng 第1小时
2022-05-07 16:49:10 - root - INFO      - pre_mouse.py : 70 line - wanghe 第1小时
2022-05-07 16:49:10 - root - INFO      - pre_mouse.py : 70 line - chenyu 第2小时
2022-05-07 16:49:10 - root - INFO      - pre_mouse.py : 70 line - dongzhenyu 第2小时
2022-05-07 16:49:10 - root - INFO      - pre_mouse.py : 70 line - leishengchuan 第2小时
2022-05-07 16:49:10 - root - INFO      - pre_mouse.py : 70 line - liyajie 第2小时
2022-05-07 16:49:10 - root - INFO      - pre_mouse.py : 70 line - maoyu 第2小时
2022-05-07 16:49:10 - root - INFO      - pre_mouse.py : 70 line - niudanyang 第2小时
2022-05-07 16:49:10 - root - INFO      - pre_mouse.py : 70 line - renqiuchen 第2小时
2022-05-07 16:49:10 - root - INFO      - pre_mouse.py : 70 line - shenyanping 第2小时
2022-05-07 16:49:10 - root - INFO      - pre_mouse.py : 70 line - wangcheng 第2小时
2022-05-07 16:49:10 - root - INFO      - pre_mouse.py : 70 line - wanghe 第2小时
2022-05-07 16:49:10 - root - INFO      - pre_mouse.py : 70 line - chenyu 第3小时
2022-05-07 16:49:10 - root - INFO      - pre_mouse.py : 70 line - dongzhenyu 第3小时
2022-05-07 16:49:10 - root - INFO      - pre_mouse.py : 70 line - leishengchuan 第3小时
2022-05-07 16:49:10 - root - INFO      - pre_mouse.py : 70 line - liyajie 第3小时
2022-05-07 16:49:10 - root - INFO      - pre_mouse.py : 70 line - maoyu 第3小时
2022-05-07 16:49:10 - root - INFO      - pre_mouse.py : 70 line - niudanyang 第3小时
2022-05-07 16:49:10 - root - INFO      - pre_mouse.py : 70 line - renqiuchen 第3小时
2022-05-07 16:49:10 - root - INFO      - pre_mouse.py : 70 line - shenyanping 第3小时
2022-05-07 16:49:10 - root - INFO      - pre_mouse.py : 70 line - wangcheng 第3小时
2022-05-07 16:49:10 - root - INFO      - pre_mouse.py : 70 line - wanghe 第3小时
2022-05-07 16:49:10 - root - INFO      - pre_mouse.py : 70 line - chenyu 第4小时
2022-05-07 16:49:10 - root - INFO      - pre_mouse.py : 70 line - dongzhenyu 第4小时
2022-05-07 16:49:10 - root - INFO      - pre_mouse.py : 70 line - leishengchuan 第4小时
2022-05-07 16:49:10 - root - INFO      - pre_mouse.py : 70 line - liyajie 第4小时
2022-05-07 16:49:10 - root - INFO      - pre_mouse.py : 70 line - maoyu 第4小时
2022-05-07 16:49:10 - root - INFO      - pre_mouse.py : 70 line - niudanyang 第4小时
2022-05-07 16:49:10 - root - INFO      - pre_mouse.py : 70 line - renqiuchen 第4小时
2022-05-07 16:49:10 - root - INFO      - pre_mouse.py : 70 line - shenyanping 第4小时
2022-05-07 16:49:10 - root - INFO      - pre_mouse.py : 70 line - wangcheng 第4小时
2022-05-07 16:49:10 - root - INFO      - pre_mouse.py : 70 line - wanghe 第4小时
2022-05-07 16:49:10 - root - INFO      - pre_mouse.py : 70 line - chenyu 第5小时
2022-05-07 16:49:10 - root - INFO      - pre_mouse.py : 70 line - dongzhenyu 第5小时
2022-05-07 16:49:10 - root - INFO      - pre_mouse.py : 70 line - leishengchuan 第5小时
2022-05-07 16:49:10 - root - INFO      - pre_mouse.py : 70 line - liyajie 第5小时
2022-05-07 16:49:10 - root - INFO      - pre_mouse.py : 70 line - maoyu 第5小时
2022-05-07 16:49:10 - root - INFO      - pre_mouse.py : 70 line - niudanyang 第5小时
2022-05-07 16:49:10 - root - INFO      - pre_mouse.py : 70 line - renqiuchen 第5小时
2022-05-07 16:49:10 - root - INFO      - pre_mouse.py : 70 line - shenyanping 第5小时
2022-05-07 16:49:10 - root - INFO      - pre_mouse.py : 70 line - wangcheng 第5小时
2022-05-07 16:49:10 - root - INFO      - pre_mouse.py : 70 line - wanghe 第5小时
2022-05-07 16:49:10 - root - INFO      - pre_mouse.py : 70 line - chenyu 第6小时
2022-05-07 16:49:10 - root - INFO      - pre_mouse.py : 70 line - dongzhenyu 第6小时
2022-05-07 16:49:10 - root - INFO      - pre_mouse.py : 70 line - leishengchuan 第6小时
2022-05-07 16:49:10 - root - INFO      - pre_mouse.py : 70 line - liyajie 第6小时
2022-05-07 16:49:10 - root - INFO      - pre_mouse.py : 70 line - maoyu 第6小时
2022-05-07 16:49:10 - root - INFO      - pre_mouse.py : 70 line - niudanyang 第6小时
2022-05-07 16:49:10 - root - INFO      - pre_mouse.py : 70 line - renqiuchen 第6小时
2022-05-07 16:49:10 - root - INFO      - pre_mouse.py : 70 line - shenyanping 第6小时
2022-05-07 16:49:10 - root - INFO      - pre_mouse.py : 70 line - wangcheng 第6小时
2022-05-07 16:49:10 - root - INFO      - pre_mouse.py : 70 line - wanghe 第6小时
2022-05-07 16:49:10 - root - INFO      - pre_mouse.py : 70 line - chenyu 第7小时
2022-05-07 16:49:10 - root - INFO      - pre_mouse.py : 70 line - dongzhenyu 第7小时
2022-05-07 16:49:10 - root - INFO      - pre_mouse.py : 70 line - leishengchuan 第7小时
2022-05-07 16:49:10 - root - INFO      - pre_mouse.py : 70 line - liyajie 第7小时
2022-05-07 16:49:10 - root - INFO      - pre_mouse.py : 70 line - maoyu 第7小时
2022-05-07 16:49:10 - root - INFO      - pre_mouse.py : 70 line - niudanyang 第7小时
2022-05-07 16:49:10 - root - INFO      - pre_mouse.py : 70 line - renqiuchen 第7小时
2022-05-07 16:49:10 - root - INFO      - pre_mouse.py : 70 line - shenyanping 第7小时
2022-05-07 16:49:10 - root - INFO      - pre_mouse.py : 70 line - wangcheng 第7小时
2022-05-07 16:49:10 - root - INFO      - pre_mouse.py : 70 line - wanghe 第7小时
2022-05-07 16:49:10 - root - INFO      - pre_mouse.py : 70 line - chenyu 第8小时
2022-05-07 16:49:10 - root - INFO      - pre_mouse.py : 70 line - dongzhenyu 第8小时
2022-05-07 16:49:10 - root - INFO      - pre_mouse.py : 70 line - leishengchuan 第8小时
2022-05-07 16:49:10 - root - INFO      - pre_mouse.py : 70 line - liyajie 第8小时
2022-05-07 16:49:10 - root - INFO      - pre_mouse.py : 70 line - maoyu 第8小时
2022-05-07 16:49:10 - root - INFO      - pre_mouse.py : 70 line - niudanyang 第8小时
2022-05-07 16:49:10 - root - INFO      - pre_mouse.py : 70 line - renqiuchen 第8小时
2022-05-07 16:49:10 - root - INFO      - pre_mouse.py : 70 line - shenyanping 第8小时
2022-05-07 16:49:10 - root - INFO      - pre_mouse.py : 70 line - wangcheng 第8小时
2022-05-07 16:49:10 - root - INFO      - pre_mouse.py : 70 line - wanghe 第8小时
2022-05-07 16:49:10 - root - INFO      - pre_mouse.py : 70 line - chenyu 第9小时
2022-05-07 16:49:10 - root - INFO      - pre_mouse.py : 70 line - dongzhenyu 第9小时
2022-05-07 16:49:10 - root - INFO      - pre_mouse.py : 70 line - leishengchuan 第9小时
2022-05-07 16:49:10 - root - INFO      - pre_mouse.py : 70 line - liyajie 第9小时
2022-05-07 16:49:10 - root - INFO      - pre_mouse.py : 70 line - maoyu 第9小时
2022-05-07 16:49:10 - root - INFO      - pre_mouse.py : 70 line - niudanyang 第9小时
2022-05-07 16:49:10 - root - INFO      - pre_mouse.py : 70 line - renqiuchen 第9小时
2022-05-07 16:49:10 - root - INFO      - pre_mouse.py : 70 line - shenyanping 第9小时
2022-05-07 16:49:10 - root - INFO      - pre_mouse.py : 70 line - wangcheng 第9小时
2022-05-07 16:49:10 - root - INFO      - pre_mouse.py : 70 line - wanghe 第9小时
2022-05-07 16:49:10 - root - INFO      - pre_mouse.py : 70 line - chenyu 第10小时
2022-05-07 16:49:10 - root - INFO      - pre_mouse.py : 70 line - dongzhenyu 第10小时
2022-05-07 16:49:10 - root - INFO      - pre_mouse.py : 70 line - leishengchuan 第10小时
2022-05-07 16:49:10 - root - INFO      - pre_mouse.py : 70 line - liyajie 第10小时
2022-05-07 16:49:10 - root - INFO      - pre_mouse.py : 70 line - maoyu 第10小时
2022-05-07 16:49:10 - root - INFO      - pre_mouse.py : 70 line - niudanyang 第10小时
2022-05-07 16:49:11 - root - INFO      - pre_mouse.py : 70 line - renqiuchen 第10小时
2022-05-07 16:49:11 - root - INFO      - pre_mouse.py : 70 line - shenyanping 第10小时
2022-05-07 16:49:11 - root - INFO      - pre_mouse.py : 70 line - wangcheng 第10小时
2022-05-07 16:49:11 - root - INFO      - pre_mouse.py : 70 line - wanghe 第10小时
2022-05-07 16:49:11 - root - DEBUG     - pre_mouse.py : 139 line - read data ok!
2022-05-07 16:49:11 - root - DEBUG     - pre_mouse.py : 143 line - remove ok!
2022-05-07 16:49:11 - root - DEBUG     - pre_mouse.py : 149 line - start save!
2022-05-07 16:49:11 - root - DEBUG     - pre_mouse.py : 151 line - save ok!
2022-05-07 16:49:11 - root - DEBUG     - pre_mouse.py : 137 line - 120s start read data!
2022-05-07 16:49:11 - root - INFO      - pre_mouse.py : 70 line - chenyu 第1小时
2022-05-07 16:49:11 - root - INFO      - pre_mouse.py : 70 line - dongzhenyu 第1小时
2022-05-07 16:49:11 - root - INFO      - pre_mouse.py : 70 line - leishengchuan 第1小时
2022-05-07 16:49:11 - root - INFO      - pre_mouse.py : 70 line - liyajie 第1小时
2022-05-07 16:49:11 - root - INFO      - pre_mouse.py : 70 line - maoyu 第1小时
2022-05-07 16:49:11 - root - INFO      - pre_mouse.py : 70 line - niudanyang 第1小时
2022-05-07 16:49:11 - root - INFO      - pre_mouse.py : 70 line - renqiuchen 第1小时
2022-05-07 16:49:11 - root - INFO      - pre_mouse.py : 70 line - shenyanping 第1小时
2022-05-07 16:49:11 - root - INFO      - pre_mouse.py : 70 line - wangcheng 第1小时
2022-05-07 16:49:11 - root - INFO      - pre_mouse.py : 70 line - wanghe 第1小时
2022-05-07 16:49:11 - root - INFO      - pre_mouse.py : 70 line - chenyu 第2小时
2022-05-07 16:49:11 - root - INFO      - pre_mouse.py : 70 line - dongzhenyu 第2小时
2022-05-07 16:49:11 - root - INFO      - pre_mouse.py : 70 line - leishengchuan 第2小时
2022-05-07 16:49:11 - root - INFO      - pre_mouse.py : 70 line - liyajie 第2小时
2022-05-07 16:49:11 - root - INFO      - pre_mouse.py : 70 line - maoyu 第2小时
2022-05-07 16:49:11 - root - INFO      - pre_mouse.py : 70 line - niudanyang 第2小时
2022-05-07 16:49:11 - root - INFO      - pre_mouse.py : 70 line - renqiuchen 第2小时
2022-05-07 16:49:11 - root - INFO      - pre_mouse.py : 70 line - shenyanping 第2小时
2022-05-07 16:49:11 - root - INFO      - pre_mouse.py : 70 line - wangcheng 第2小时
2022-05-07 16:49:11 - root - INFO      - pre_mouse.py : 70 line - wanghe 第2小时
2022-05-07 16:49:11 - root - INFO      - pre_mouse.py : 70 line - chenyu 第3小时
2022-05-07 16:49:11 - root - INFO      - pre_mouse.py : 70 line - dongzhenyu 第3小时
2022-05-07 16:49:11 - root - INFO      - pre_mouse.py : 70 line - leishengchuan 第3小时
2022-05-07 16:49:11 - root - INFO      - pre_mouse.py : 70 line - liyajie 第3小时
2022-05-07 16:49:11 - root - INFO      - pre_mouse.py : 70 line - maoyu 第3小时
2022-05-07 16:49:11 - root - INFO      - pre_mouse.py : 70 line - niudanyang 第3小时
2022-05-07 16:49:11 - root - INFO      - pre_mouse.py : 70 line - renqiuchen 第3小时
2022-05-07 16:49:11 - root - INFO      - pre_mouse.py : 70 line - shenyanping 第3小时
2022-05-07 16:49:11 - root - INFO      - pre_mouse.py : 70 line - wangcheng 第3小时
2022-05-07 16:49:11 - root - INFO      - pre_mouse.py : 70 line - wanghe 第3小时
2022-05-07 16:49:11 - root - INFO      - pre_mouse.py : 70 line - chenyu 第4小时
2022-05-07 16:49:11 - root - INFO      - pre_mouse.py : 70 line - dongzhenyu 第4小时
2022-05-07 16:49:11 - root - INFO      - pre_mouse.py : 70 line - leishengchuan 第4小时
2022-05-07 16:49:11 - root - INFO      - pre_mouse.py : 70 line - liyajie 第4小时
2022-05-07 16:49:11 - root - INFO      - pre_mouse.py : 70 line - maoyu 第4小时
2022-05-07 16:49:11 - root - INFO      - pre_mouse.py : 70 line - niudanyang 第4小时
2022-05-07 16:49:11 - root - INFO      - pre_mouse.py : 70 line - renqiuchen 第4小时
2022-05-07 16:49:11 - root - INFO      - pre_mouse.py : 70 line - shenyanping 第4小时
2022-05-07 16:49:11 - root - INFO      - pre_mouse.py : 70 line - wangcheng 第4小时
2022-05-07 16:49:11 - root - INFO      - pre_mouse.py : 70 line - wanghe 第4小时
2022-05-07 16:49:11 - root - INFO      - pre_mouse.py : 70 line - chenyu 第5小时
2022-05-07 16:49:11 - root - INFO      - pre_mouse.py : 70 line - dongzhenyu 第5小时
2022-05-07 16:49:11 - root - INFO      - pre_mouse.py : 70 line - leishengchuan 第5小时
2022-05-07 16:49:11 - root - INFO      - pre_mouse.py : 70 line - liyajie 第5小时
2022-05-07 16:49:11 - root - INFO      - pre_mouse.py : 70 line - maoyu 第5小时
2022-05-07 16:49:11 - root - INFO      - pre_mouse.py : 70 line - niudanyang 第5小时
2022-05-07 16:49:11 - root - INFO      - pre_mouse.py : 70 line - renqiuchen 第5小时
2022-05-07 16:49:11 - root - INFO      - pre_mouse.py : 70 line - shenyanping 第5小时
2022-05-07 16:49:11 - root - INFO      - pre_mouse.py : 70 line - wangcheng 第5小时
2022-05-07 16:49:11 - root - INFO      - pre_mouse.py : 70 line - wanghe 第5小时
2022-05-07 16:49:11 - root - INFO      - pre_mouse.py : 70 line - chenyu 第6小时
2022-05-07 16:49:11 - root - INFO      - pre_mouse.py : 70 line - dongzhenyu 第6小时
2022-05-07 16:49:11 - root - INFO      - pre_mouse.py : 70 line - leishengchuan 第6小时
2022-05-07 16:49:11 - root - INFO      - pre_mouse.py : 70 line - liyajie 第6小时
2022-05-07 16:49:11 - root - INFO      - pre_mouse.py : 70 line - maoyu 第6小时
2022-05-07 16:49:11 - root - INFO      - pre_mouse.py : 70 line - niudanyang 第6小时
2022-05-07 16:49:11 - root - INFO      - pre_mouse.py : 70 line - renqiuchen 第6小时
2022-05-07 16:49:11 - root - INFO      - pre_mouse.py : 70 line - shenyanping 第6小时
2022-05-07 16:49:11 - root - INFO      - pre_mouse.py : 70 line - wangcheng 第6小时
2022-05-07 16:49:11 - root - INFO      - pre_mouse.py : 70 line - wanghe 第6小时
2022-05-07 16:49:11 - root - INFO      - pre_mouse.py : 70 line - chenyu 第7小时
2022-05-07 16:49:11 - root - INFO      - pre_mouse.py : 70 line - dongzhenyu 第7小时
2022-05-07 16:49:11 - root - INFO      - pre_mouse.py : 70 line - leishengchuan 第7小时
2022-05-07 16:49:11 - root - INFO      - pre_mouse.py : 70 line - liyajie 第7小时
2022-05-07 16:49:11 - root - INFO      - pre_mouse.py : 70 line - maoyu 第7小时
2022-05-07 16:49:11 - root - INFO      - pre_mouse.py : 70 line - niudanyang 第7小时
2022-05-07 16:49:11 - root - INFO      - pre_mouse.py : 70 line - renqiuchen 第7小时
2022-05-07 16:49:11 - root - INFO      - pre_mouse.py : 70 line - shenyanping 第7小时
2022-05-07 16:49:11 - root - INFO      - pre_mouse.py : 70 line - wangcheng 第7小时
2022-05-07 16:49:11 - root - INFO      - pre_mouse.py : 70 line - wanghe 第7小时
2022-05-07 16:49:11 - root - INFO      - pre_mouse.py : 70 line - chenyu 第8小时
2022-05-07 16:49:11 - root - INFO      - pre_mouse.py : 70 line - dongzhenyu 第8小时
2022-05-07 16:49:11 - root - INFO      - pre_mouse.py : 70 line - leishengchuan 第8小时
2022-05-07 16:49:11 - root - INFO      - pre_mouse.py : 70 line - liyajie 第8小时
2022-05-07 16:49:11 - root - INFO      - pre_mouse.py : 70 line - maoyu 第8小时
2022-05-07 16:49:11 - root - INFO      - pre_mouse.py : 70 line - niudanyang 第8小时
2022-05-07 16:49:11 - root - INFO      - pre_mouse.py : 70 line - renqiuchen 第8小时
2022-05-07 16:49:11 - root - INFO      - pre_mouse.py : 70 line - shenyanping 第8小时
2022-05-07 16:49:11 - root - INFO      - pre_mouse.py : 70 line - wangcheng 第8小时
2022-05-07 16:49:11 - root - INFO      - pre_mouse.py : 70 line - wanghe 第8小时
2022-05-07 16:49:11 - root - INFO      - pre_mouse.py : 70 line - chenyu 第9小时
2022-05-07 16:49:11 - root - INFO      - pre_mouse.py : 70 line - dongzhenyu 第9小时
2022-05-07 16:49:11 - root - INFO      - pre_mouse.py : 70 line - leishengchuan 第9小时
2022-05-07 16:49:11 - root - INFO      - pre_mouse.py : 70 line - liyajie 第9小时
2022-05-07 16:49:11 - root - INFO      - pre_mouse.py : 70 line - maoyu 第9小时
2022-05-07 16:49:11 - root - INFO      - pre_mouse.py : 70 line - niudanyang 第9小时
2022-05-07 16:49:11 - root - INFO      - pre_mouse.py : 70 line - renqiuchen 第9小时
2022-05-07 16:49:11 - root - INFO      - pre_mouse.py : 70 line - shenyanping 第9小时
2022-05-07 16:49:11 - root - INFO      - pre_mouse.py : 70 line - wangcheng 第9小时
2022-05-07 16:49:11 - root - INFO      - pre_mouse.py : 70 line - wanghe 第9小时
2022-05-07 16:49:11 - root - INFO      - pre_mouse.py : 70 line - chenyu 第10小时
2022-05-07 16:49:11 - root - INFO      - pre_mouse.py : 70 line - dongzhenyu 第10小时
2022-05-07 16:49:11 - root - INFO      - pre_mouse.py : 70 line - leishengchuan 第10小时
2022-05-07 16:49:11 - root - INFO      - pre_mouse.py : 70 line - liyajie 第10小时
2022-05-07 16:49:11 - root - INFO      - pre_mouse.py : 70 line - maoyu 第10小时
2022-05-07 16:49:11 - root - INFO      - pre_mouse.py : 70 line - niudanyang 第10小时
2022-05-07 16:49:11 - root - INFO      - pre_mouse.py : 70 line - renqiuchen 第10小时
2022-05-07 16:49:11 - root - INFO      - pre_mouse.py : 70 line - shenyanping 第10小时
2022-05-07 16:49:11 - root - INFO      - pre_mouse.py : 70 line - wangcheng 第10小时
2022-05-07 16:49:11 - root - INFO      - pre_mouse.py : 70 line - wanghe 第10小时
2022-05-07 16:49:11 - root - DEBUG     - pre_mouse.py : 139 line - read data ok!
2022-05-07 16:49:11 - root - DEBUG     - pre_mouse.py : 143 line - remove ok!
2022-05-07 16:49:11 - root - DEBUG     - pre_mouse.py : 149 line - start save!
2022-05-07 16:49:11 - root - DEBUG     - pre_mouse.py : 151 line - save ok!
2022-05-07 16:49:11 - root - DEBUG     - pre_mouse.py : 137 line - 150s start read data!
2022-05-07 16:49:11 - root - INFO      - pre_mouse.py : 70 line - chenyu 第1小时
2022-05-07 16:49:11 - root - INFO      - pre_mouse.py : 70 line - dongzhenyu 第1小时
2022-05-07 16:49:11 - root - INFO      - pre_mouse.py : 70 line - leishengchuan 第1小时
2022-05-07 16:49:11 - root - INFO      - pre_mouse.py : 70 line - liyajie 第1小时
2022-05-07 16:49:11 - root - INFO      - pre_mouse.py : 70 line - maoyu 第1小时
2022-05-07 16:49:11 - root - INFO      - pre_mouse.py : 70 line - niudanyang 第1小时
2022-05-07 16:49:11 - root - INFO      - pre_mouse.py : 70 line - renqiuchen 第1小时
2022-05-07 16:49:11 - root - INFO      - pre_mouse.py : 70 line - shenyanping 第1小时
2022-05-07 16:49:11 - root - INFO      - pre_mouse.py : 70 line - wangcheng 第1小时
2022-05-07 16:49:11 - root - INFO      - pre_mouse.py : 70 line - wanghe 第1小时
2022-05-07 16:49:11 - root - INFO      - pre_mouse.py : 70 line - chenyu 第2小时
2022-05-07 16:49:11 - root - INFO      - pre_mouse.py : 70 line - dongzhenyu 第2小时
2022-05-07 16:49:11 - root - INFO      - pre_mouse.py : 70 line - leishengchuan 第2小时
2022-05-07 16:49:11 - root - INFO      - pre_mouse.py : 70 line - liyajie 第2小时
2022-05-07 16:49:11 - root - INFO      - pre_mouse.py : 70 line - maoyu 第2小时
2022-05-07 16:49:11 - root - INFO      - pre_mouse.py : 70 line - niudanyang 第2小时
2022-05-07 16:49:11 - root - INFO      - pre_mouse.py : 70 line - renqiuchen 第2小时
2022-05-07 16:49:11 - root - INFO      - pre_mouse.py : 70 line - shenyanping 第2小时
2022-05-07 16:49:11 - root - INFO      - pre_mouse.py : 70 line - wangcheng 第2小时
2022-05-07 16:49:11 - root - INFO      - pre_mouse.py : 70 line - wanghe 第2小时
2022-05-07 16:49:11 - root - INFO      - pre_mouse.py : 70 line - chenyu 第3小时
2022-05-07 16:49:11 - root - INFO      - pre_mouse.py : 70 line - dongzhenyu 第3小时
2022-05-07 16:49:11 - root - INFO      - pre_mouse.py : 70 line - leishengchuan 第3小时
2022-05-07 16:49:11 - root - INFO      - pre_mouse.py : 70 line - liyajie 第3小时
2022-05-07 16:49:11 - root - INFO      - pre_mouse.py : 70 line - maoyu 第3小时
2022-05-07 16:49:11 - root - INFO      - pre_mouse.py : 70 line - niudanyang 第3小时
2022-05-07 16:49:11 - root - INFO      - pre_mouse.py : 70 line - renqiuchen 第3小时
2022-05-07 16:49:11 - root - INFO      - pre_mouse.py : 70 line - shenyanping 第3小时
2022-05-07 16:49:11 - root - INFO      - pre_mouse.py : 70 line - wangcheng 第3小时
2022-05-07 16:49:11 - root - INFO      - pre_mouse.py : 70 line - wanghe 第3小时
2022-05-07 16:49:11 - root - INFO      - pre_mouse.py : 70 line - chenyu 第4小时
2022-05-07 16:49:11 - root - INFO      - pre_mouse.py : 70 line - dongzhenyu 第4小时
2022-05-07 16:49:11 - root - INFO      - pre_mouse.py : 70 line - leishengchuan 第4小时
2022-05-07 16:49:11 - root - INFO      - pre_mouse.py : 70 line - liyajie 第4小时
2022-05-07 16:49:11 - root - INFO      - pre_mouse.py : 70 line - maoyu 第4小时
2022-05-07 16:49:11 - root - INFO      - pre_mouse.py : 70 line - niudanyang 第4小时
2022-05-07 16:49:11 - root - INFO      - pre_mouse.py : 70 line - renqiuchen 第4小时
2022-05-07 16:49:11 - root - INFO      - pre_mouse.py : 70 line - shenyanping 第4小时
2022-05-07 16:49:11 - root - INFO      - pre_mouse.py : 70 line - wangcheng 第4小时
2022-05-07 16:49:11 - root - INFO      - pre_mouse.py : 70 line - wanghe 第4小时
2022-05-07 16:49:11 - root - INFO      - pre_mouse.py : 70 line - chenyu 第5小时
2022-05-07 16:49:11 - root - INFO      - pre_mouse.py : 70 line - dongzhenyu 第5小时
2022-05-07 16:49:11 - root - INFO      - pre_mouse.py : 70 line - leishengchuan 第5小时
2022-05-07 16:49:11 - root - INFO      - pre_mouse.py : 70 line - liyajie 第5小时
2022-05-07 16:49:11 - root - INFO      - pre_mouse.py : 70 line - maoyu 第5小时
2022-05-07 16:49:11 - root - INFO      - pre_mouse.py : 70 line - niudanyang 第5小时
2022-05-07 16:49:11 - root - INFO      - pre_mouse.py : 70 line - renqiuchen 第5小时
2022-05-07 16:49:11 - root - INFO      - pre_mouse.py : 70 line - shenyanping 第5小时
2022-05-07 16:49:11 - root - INFO      - pre_mouse.py : 70 line - wangcheng 第5小时
2022-05-07 16:49:11 - root - INFO      - pre_mouse.py : 70 line - wanghe 第5小时
2022-05-07 16:49:11 - root - INFO      - pre_mouse.py : 70 line - chenyu 第6小时
2022-05-07 16:49:11 - root - INFO      - pre_mouse.py : 70 line - dongzhenyu 第6小时
2022-05-07 16:49:11 - root - INFO      - pre_mouse.py : 70 line - leishengchuan 第6小时
2022-05-07 16:49:11 - root - INFO      - pre_mouse.py : 70 line - liyajie 第6小时
2022-05-07 16:49:11 - root - INFO      - pre_mouse.py : 70 line - maoyu 第6小时
2022-05-07 16:49:11 - root - INFO      - pre_mouse.py : 70 line - niudanyang 第6小时
2022-05-07 16:49:11 - root - INFO      - pre_mouse.py : 70 line - renqiuchen 第6小时
2022-05-07 16:49:11 - root - INFO      - pre_mouse.py : 70 line - shenyanping 第6小时
2022-05-07 16:49:11 - root - INFO      - pre_mouse.py : 70 line - wangcheng 第6小时
2022-05-07 16:49:11 - root - INFO      - pre_mouse.py : 70 line - wanghe 第6小时
2022-05-07 16:49:11 - root - INFO      - pre_mouse.py : 70 line - chenyu 第7小时
2022-05-07 16:49:11 - root - INFO      - pre_mouse.py : 70 line - dongzhenyu 第7小时
2022-05-07 16:49:11 - root - INFO      - pre_mouse.py : 70 line - leishengchuan 第7小时
2022-05-07 16:49:11 - root - INFO      - pre_mouse.py : 70 line - liyajie 第7小时
2022-05-07 16:49:11 - root - INFO      - pre_mouse.py : 70 line - maoyu 第7小时
2022-05-07 16:49:11 - root - INFO      - pre_mouse.py : 70 line - niudanyang 第7小时
2022-05-07 16:49:11 - root - INFO      - pre_mouse.py : 70 line - renqiuchen 第7小时
2022-05-07 16:49:11 - root - INFO      - pre_mouse.py : 70 line - shenyanping 第7小时
2022-05-07 16:49:11 - root - INFO      - pre_mouse.py : 70 line - wangcheng 第7小时
2022-05-07 16:49:11 - root - INFO      - pre_mouse.py : 70 line - wanghe 第7小时
2022-05-07 16:49:11 - root - INFO      - pre_mouse.py : 70 line - chenyu 第8小时
2022-05-07 16:49:11 - root - INFO      - pre_mouse.py : 70 line - dongzhenyu 第8小时
2022-05-07 16:49:11 - root - INFO      - pre_mouse.py : 70 line - leishengchuan 第8小时
2022-05-07 16:49:11 - root - INFO      - pre_mouse.py : 70 line - liyajie 第8小时
2022-05-07 16:49:11 - root - INFO      - pre_mouse.py : 70 line - maoyu 第8小时
2022-05-07 16:49:11 - root - INFO      - pre_mouse.py : 70 line - niudanyang 第8小时
2022-05-07 16:49:11 - root - INFO      - pre_mouse.py : 70 line - renqiuchen 第8小时
2022-05-07 16:49:11 - root - INFO      - pre_mouse.py : 70 line - shenyanping 第8小时
2022-05-07 16:49:11 - root - INFO      - pre_mouse.py : 70 line - wangcheng 第8小时
2022-05-07 16:49:11 - root - INFO      - pre_mouse.py : 70 line - wanghe 第8小时
2022-05-07 16:49:11 - root - INFO      - pre_mouse.py : 70 line - chenyu 第9小时
2022-05-07 16:49:11 - root - INFO      - pre_mouse.py : 70 line - dongzhenyu 第9小时
2022-05-07 16:49:11 - root - INFO      - pre_mouse.py : 70 line - leishengchuan 第9小时
2022-05-07 16:49:11 - root - INFO      - pre_mouse.py : 70 line - liyajie 第9小时
2022-05-07 16:49:11 - root - INFO      - pre_mouse.py : 70 line - maoyu 第9小时
2022-05-07 16:49:11 - root - INFO      - pre_mouse.py : 70 line - niudanyang 第9小时
2022-05-07 16:49:11 - root - INFO      - pre_mouse.py : 70 line - renqiuchen 第9小时
2022-05-07 16:49:11 - root - INFO      - pre_mouse.py : 70 line - shenyanping 第9小时
2022-05-07 16:49:12 - root - INFO      - pre_mouse.py : 70 line - wangcheng 第9小时
2022-05-07 16:49:12 - root - INFO      - pre_mouse.py : 70 line - wanghe 第9小时
2022-05-07 16:49:12 - root - INFO      - pre_mouse.py : 70 line - chenyu 第10小时
2022-05-07 16:49:12 - root - INFO      - pre_mouse.py : 70 line - dongzhenyu 第10小时
2022-05-07 16:49:12 - root - INFO      - pre_mouse.py : 70 line - leishengchuan 第10小时
2022-05-07 16:49:12 - root - INFO      - pre_mouse.py : 70 line - liyajie 第10小时
2022-05-07 16:49:13 - root - INFO      - pre_mouse.py : 70 line - maoyu 第10小时
2022-05-07 16:49:13 - root - INFO      - pre_mouse.py : 70 line - niudanyang 第10小时
2022-05-07 16:49:13 - root - INFO      - pre_mouse.py : 70 line - renqiuchen 第10小时
2022-05-07 16:49:13 - root - INFO      - pre_mouse.py : 70 line - shenyanping 第10小时
2022-05-07 16:49:13 - root - INFO      - pre_mouse.py : 70 line - wangcheng 第10小时
2022-05-07 16:49:13 - root - INFO      - pre_mouse.py : 70 line - wanghe 第10小时
2022-05-07 16:49:13 - root - DEBUG     - pre_mouse.py : 139 line - read data ok!
2022-05-07 16:49:13 - root - DEBUG     - pre_mouse.py : 143 line - remove ok!
2022-05-07 16:49:13 - root - DEBUG     - pre_mouse.py : 149 line - start save!
2022-05-07 16:49:13 - root - DEBUG     - pre_mouse.py : 151 line - save ok!
2022-05-07 16:49:13 - root - DEBUG     - pre_mouse.py : 137 line - 180s start read data!
2022-05-07 16:49:13 - root - INFO      - pre_mouse.py : 70 line - chenyu 第1小时
2022-05-07 16:49:13 - root - INFO      - pre_mouse.py : 70 line - dongzhenyu 第1小时
2022-05-07 16:49:13 - root - INFO      - pre_mouse.py : 70 line - leishengchuan 第1小时
2022-05-07 16:49:13 - root - INFO      - pre_mouse.py : 70 line - liyajie 第1小时
2022-05-07 16:49:13 - root - INFO      - pre_mouse.py : 70 line - maoyu 第1小时
2022-05-07 16:49:13 - root - INFO      - pre_mouse.py : 70 line - niudanyang 第1小时
2022-05-07 16:49:13 - root - INFO      - pre_mouse.py : 70 line - renqiuchen 第1小时
2022-05-07 16:49:13 - root - INFO      - pre_mouse.py : 70 line - shenyanping 第1小时
2022-05-07 16:49:13 - root - INFO      - pre_mouse.py : 70 line - wangcheng 第1小时
2022-05-07 16:49:13 - root - INFO      - pre_mouse.py : 70 line - wanghe 第1小时
2022-05-07 16:49:13 - root - INFO      - pre_mouse.py : 70 line - chenyu 第2小时
2022-05-07 16:49:13 - root - INFO      - pre_mouse.py : 70 line - dongzhenyu 第2小时
2022-05-07 16:49:13 - root - INFO      - pre_mouse.py : 70 line - leishengchuan 第2小时
2022-05-07 16:49:13 - root - INFO      - pre_mouse.py : 70 line - liyajie 第2小时
2022-05-07 16:49:13 - root - INFO      - pre_mouse.py : 70 line - maoyu 第2小时
2022-05-07 16:49:13 - root - INFO      - pre_mouse.py : 70 line - niudanyang 第2小时
2022-05-07 16:49:13 - root - INFO      - pre_mouse.py : 70 line - renqiuchen 第2小时
2022-05-07 16:49:13 - root - INFO      - pre_mouse.py : 70 line - shenyanping 第2小时
2022-05-07 16:49:13 - root - INFO      - pre_mouse.py : 70 line - wangcheng 第2小时
2022-05-07 16:49:13 - root - INFO      - pre_mouse.py : 70 line - wanghe 第2小时
2022-05-07 16:49:13 - root - INFO      - pre_mouse.py : 70 line - chenyu 第3小时
2022-05-07 16:49:13 - root - INFO      - pre_mouse.py : 70 line - dongzhenyu 第3小时
2022-05-07 16:49:13 - root - INFO      - pre_mouse.py : 70 line - leishengchuan 第3小时
2022-05-07 16:49:13 - root - INFO      - pre_mouse.py : 70 line - liyajie 第3小时
2022-05-07 16:49:13 - root - INFO      - pre_mouse.py : 70 line - maoyu 第3小时
2022-05-07 16:49:13 - root - INFO      - pre_mouse.py : 70 line - niudanyang 第3小时
2022-05-07 16:49:13 - root - INFO      - pre_mouse.py : 70 line - renqiuchen 第3小时
2022-05-07 16:49:13 - root - INFO      - pre_mouse.py : 70 line - shenyanping 第3小时
2022-05-07 16:49:13 - root - INFO      - pre_mouse.py : 70 line - wangcheng 第3小时
2022-05-07 16:49:13 - root - INFO      - pre_mouse.py : 70 line - wanghe 第3小时
2022-05-07 16:49:13 - root - INFO      - pre_mouse.py : 70 line - chenyu 第4小时
2022-05-07 16:49:13 - root - INFO      - pre_mouse.py : 70 line - dongzhenyu 第4小时
2022-05-07 16:49:13 - root - INFO      - pre_mouse.py : 70 line - leishengchuan 第4小时
2022-05-07 16:49:13 - root - INFO      - pre_mouse.py : 70 line - liyajie 第4小时
2022-05-07 16:49:13 - root - INFO      - pre_mouse.py : 70 line - maoyu 第4小时
2022-05-07 16:49:13 - root - INFO      - pre_mouse.py : 70 line - niudanyang 第4小时
2022-05-07 16:49:13 - root - INFO      - pre_mouse.py : 70 line - renqiuchen 第4小时
2022-05-07 16:49:13 - root - INFO      - pre_mouse.py : 70 line - shenyanping 第4小时
2022-05-07 16:49:13 - root - INFO      - pre_mouse.py : 70 line - wangcheng 第4小时
2022-05-07 16:49:13 - root - INFO      - pre_mouse.py : 70 line - wanghe 第4小时
2022-05-07 16:49:13 - root - INFO      - pre_mouse.py : 70 line - chenyu 第5小时
2022-05-07 16:49:13 - root - INFO      - pre_mouse.py : 70 line - dongzhenyu 第5小时
2022-05-07 16:49:13 - root - INFO      - pre_mouse.py : 70 line - leishengchuan 第5小时
2022-05-07 16:49:13 - root - INFO      - pre_mouse.py : 70 line - liyajie 第5小时
2022-05-07 16:49:13 - root - INFO      - pre_mouse.py : 70 line - maoyu 第5小时
2022-05-07 16:49:13 - root - INFO      - pre_mouse.py : 70 line - niudanyang 第5小时
2022-05-07 16:49:13 - root - INFO      - pre_mouse.py : 70 line - renqiuchen 第5小时
2022-05-07 16:49:13 - root - INFO      - pre_mouse.py : 70 line - shenyanping 第5小时
2022-05-07 16:49:13 - root - INFO      - pre_mouse.py : 70 line - wangcheng 第5小时
2022-05-07 16:49:13 - root - INFO      - pre_mouse.py : 70 line - wanghe 第5小时
2022-05-07 16:49:13 - root - INFO      - pre_mouse.py : 70 line - chenyu 第6小时
2022-05-07 16:49:13 - root - INFO      - pre_mouse.py : 70 line - dongzhenyu 第6小时
2022-05-07 16:49:13 - root - INFO      - pre_mouse.py : 70 line - leishengchuan 第6小时
2022-05-07 16:49:13 - root - INFO      - pre_mouse.py : 70 line - liyajie 第6小时
2022-05-07 16:49:13 - root - INFO      - pre_mouse.py : 70 line - maoyu 第6小时
2022-05-07 16:49:13 - root - INFO      - pre_mouse.py : 70 line - niudanyang 第6小时
2022-05-07 16:49:13 - root - INFO      - pre_mouse.py : 70 line - renqiuchen 第6小时
2022-05-07 16:49:13 - root - INFO      - pre_mouse.py : 70 line - shenyanping 第6小时
2022-05-07 16:49:13 - root - INFO      - pre_mouse.py : 70 line - wangcheng 第6小时
2022-05-07 16:49:13 - root - INFO      - pre_mouse.py : 70 line - wanghe 第6小时
2022-05-07 16:49:13 - root - INFO      - pre_mouse.py : 70 line - chenyu 第7小时
2022-05-07 16:49:13 - root - INFO      - pre_mouse.py : 70 line - dongzhenyu 第7小时
2022-05-07 16:49:13 - root - INFO      - pre_mouse.py : 70 line - leishengchuan 第7小时
2022-05-07 16:49:13 - root - INFO      - pre_mouse.py : 70 line - liyajie 第7小时
2022-05-07 16:49:13 - root - INFO      - pre_mouse.py : 70 line - maoyu 第7小时
2022-05-07 16:49:13 - root - INFO      - pre_mouse.py : 70 line - niudanyang 第7小时
2022-05-07 16:49:13 - root - INFO      - pre_mouse.py : 70 line - renqiuchen 第7小时
2022-05-07 16:49:13 - root - INFO      - pre_mouse.py : 70 line - shenyanping 第7小时
2022-05-07 16:49:13 - root - INFO      - pre_mouse.py : 70 line - wangcheng 第7小时
2022-05-07 16:49:13 - root - INFO      - pre_mouse.py : 70 line - wanghe 第7小时
2022-05-07 16:49:13 - root - INFO      - pre_mouse.py : 70 line - chenyu 第8小时
2022-05-07 16:49:13 - root - INFO      - pre_mouse.py : 70 line - dongzhenyu 第8小时
2022-05-07 16:49:13 - root - INFO      - pre_mouse.py : 70 line - leishengchuan 第8小时
2022-05-07 16:49:13 - root - INFO      - pre_mouse.py : 70 line - liyajie 第8小时
2022-05-07 16:49:13 - root - INFO      - pre_mouse.py : 70 line - maoyu 第8小时
2022-05-07 16:49:13 - root - INFO      - pre_mouse.py : 70 line - niudanyang 第8小时
2022-05-07 16:49:13 - root - INFO      - pre_mouse.py : 70 line - renqiuchen 第8小时
2022-05-07 16:49:13 - root - INFO      - pre_mouse.py : 70 line - shenyanping 第8小时
2022-05-07 16:49:13 - root - INFO      - pre_mouse.py : 70 line - wangcheng 第8小时
2022-05-07 16:49:13 - root - INFO      - pre_mouse.py : 70 line - wanghe 第8小时
2022-05-07 16:49:13 - root - INFO      - pre_mouse.py : 70 line - chenyu 第9小时
2022-05-07 16:49:13 - root - INFO      - pre_mouse.py : 70 line - dongzhenyu 第9小时
2022-05-07 16:49:13 - root - INFO      - pre_mouse.py : 70 line - leishengchuan 第9小时
2022-05-07 16:49:13 - root - INFO      - pre_mouse.py : 70 line - liyajie 第9小时
2022-05-07 16:49:13 - root - INFO      - pre_mouse.py : 70 line - maoyu 第9小时
2022-05-07 16:49:13 - root - INFO      - pre_mouse.py : 70 line - niudanyang 第9小时
2022-05-07 16:49:13 - root - INFO      - pre_mouse.py : 70 line - renqiuchen 第9小时
2022-05-07 16:49:13 - root - INFO      - pre_mouse.py : 70 line - shenyanping 第9小时
2022-05-07 16:49:13 - root - INFO      - pre_mouse.py : 70 line - wangcheng 第9小时
2022-05-07 16:49:13 - root - INFO      - pre_mouse.py : 70 line - wanghe 第9小时
2022-05-07 16:49:13 - root - INFO      - pre_mouse.py : 70 line - chenyu 第10小时
2022-05-07 16:49:13 - root - INFO      - pre_mouse.py : 70 line - dongzhenyu 第10小时
2022-05-07 16:49:13 - root - INFO      - pre_mouse.py : 70 line - leishengchuan 第10小时
2022-05-07 16:49:13 - root - INFO      - pre_mouse.py : 70 line - liyajie 第10小时
2022-05-07 16:49:13 - root - INFO      - pre_mouse.py : 70 line - maoyu 第10小时
2022-05-07 16:49:13 - root - INFO      - pre_mouse.py : 70 line - niudanyang 第10小时
2022-05-07 16:49:13 - root - INFO      - pre_mouse.py : 70 line - renqiuchen 第10小时
2022-05-07 16:49:13 - root - INFO      - pre_mouse.py : 70 line - shenyanping 第10小时
2022-05-07 16:49:13 - root - INFO      - pre_mouse.py : 70 line - wangcheng 第10小时
2022-05-07 16:49:13 - root - INFO      - pre_mouse.py : 70 line - wanghe 第10小时
2022-05-07 16:49:13 - root - DEBUG     - pre_mouse.py : 139 line - read data ok!
2022-05-07 16:49:13 - root - DEBUG     - pre_mouse.py : 143 line - remove ok!
2022-05-07 16:49:13 - root - DEBUG     - pre_mouse.py : 149 line - start save!
2022-05-07 16:49:13 - root - DEBUG     - pre_mouse.py : 151 line - save ok!
2022-05-07 16:49:13 - root - DEBUG     - pre_mouse.py : 137 line - 210s start read data!
2022-05-07 16:49:13 - root - INFO      - pre_mouse.py : 70 line - chenyu 第1小时
2022-05-07 16:49:13 - root - INFO      - pre_mouse.py : 70 line - dongzhenyu 第1小时
2022-05-07 16:49:13 - root - INFO      - pre_mouse.py : 70 line - leishengchuan 第1小时
2022-05-07 16:49:13 - root - INFO      - pre_mouse.py : 70 line - liyajie 第1小时
2022-05-07 16:49:13 - root - INFO      - pre_mouse.py : 70 line - maoyu 第1小时
2022-05-07 16:49:13 - root - INFO      - pre_mouse.py : 70 line - niudanyang 第1小时
2022-05-07 16:49:13 - root - INFO      - pre_mouse.py : 70 line - renqiuchen 第1小时
2022-05-07 16:49:13 - root - INFO      - pre_mouse.py : 70 line - shenyanping 第1小时
2022-05-07 16:49:13 - root - INFO      - pre_mouse.py : 70 line - wangcheng 第1小时
2022-05-07 16:49:13 - root - INFO      - pre_mouse.py : 70 line - wanghe 第1小时
2022-05-07 16:49:13 - root - INFO      - pre_mouse.py : 70 line - chenyu 第2小时
2022-05-07 16:49:13 - root - INFO      - pre_mouse.py : 70 line - dongzhenyu 第2小时
2022-05-07 16:49:13 - root - INFO      - pre_mouse.py : 70 line - leishengchuan 第2小时
2022-05-07 16:49:13 - root - INFO      - pre_mouse.py : 70 line - liyajie 第2小时
2022-05-07 16:49:13 - root - INFO      - pre_mouse.py : 70 line - maoyu 第2小时
2022-05-07 16:49:13 - root - INFO      - pre_mouse.py : 70 line - niudanyang 第2小时
2022-05-07 16:49:13 - root - INFO      - pre_mouse.py : 70 line - renqiuchen 第2小时
2022-05-07 16:49:13 - root - INFO      - pre_mouse.py : 70 line - shenyanping 第2小时
2022-05-07 16:49:13 - root - INFO      - pre_mouse.py : 70 line - wangcheng 第2小时
2022-05-07 16:49:13 - root - INFO      - pre_mouse.py : 70 line - wanghe 第2小时
2022-05-07 16:49:13 - root - INFO      - pre_mouse.py : 70 line - chenyu 第3小时
2022-05-07 16:49:13 - root - INFO      - pre_mouse.py : 70 line - dongzhenyu 第3小时
2022-05-07 16:49:13 - root - INFO      - pre_mouse.py : 70 line - leishengchuan 第3小时
2022-05-07 16:49:13 - root - INFO      - pre_mouse.py : 70 line - liyajie 第3小时
2022-05-07 16:49:13 - root - INFO      - pre_mouse.py : 70 line - maoyu 第3小时
2022-05-07 16:49:13 - root - INFO      - pre_mouse.py : 70 line - niudanyang 第3小时
2022-05-07 16:49:13 - root - INFO      - pre_mouse.py : 70 line - renqiuchen 第3小时
2022-05-07 16:49:13 - root - INFO      - pre_mouse.py : 70 line - shenyanping 第3小时
2022-05-07 16:49:13 - root - INFO      - pre_mouse.py : 70 line - wangcheng 第3小时
2022-05-07 16:49:13 - root - INFO      - pre_mouse.py : 70 line - wanghe 第3小时
2022-05-07 16:49:13 - root - INFO      - pre_mouse.py : 70 line - chenyu 第4小时
2022-05-07 16:49:13 - root - INFO      - pre_mouse.py : 70 line - dongzhenyu 第4小时
2022-05-07 16:49:13 - root - INFO      - pre_mouse.py : 70 line - leishengchuan 第4小时
2022-05-07 16:49:13 - root - INFO      - pre_mouse.py : 70 line - liyajie 第4小时
2022-05-07 16:49:13 - root - INFO      - pre_mouse.py : 70 line - maoyu 第4小时
2022-05-07 16:49:13 - root - INFO      - pre_mouse.py : 70 line - niudanyang 第4小时
2022-05-07 16:49:13 - root - INFO      - pre_mouse.py : 70 line - renqiuchen 第4小时
2022-05-07 16:49:13 - root - INFO      - pre_mouse.py : 70 line - shenyanping 第4小时
2022-05-07 16:49:13 - root - INFO      - pre_mouse.py : 70 line - wangcheng 第4小时
2022-05-07 16:49:13 - root - INFO      - pre_mouse.py : 70 line - wanghe 第4小时
2022-05-07 16:49:13 - root - INFO      - pre_mouse.py : 70 line - chenyu 第5小时
2022-05-07 16:49:13 - root - INFO      - pre_mouse.py : 70 line - dongzhenyu 第5小时
2022-05-07 16:49:13 - root - INFO      - pre_mouse.py : 70 line - leishengchuan 第5小时
2022-05-07 16:49:13 - root - INFO      - pre_mouse.py : 70 line - liyajie 第5小时
2022-05-07 16:49:13 - root - INFO      - pre_mouse.py : 70 line - maoyu 第5小时
2022-05-07 16:49:13 - root - INFO      - pre_mouse.py : 70 line - niudanyang 第5小时
2022-05-07 16:49:13 - root - INFO      - pre_mouse.py : 70 line - renqiuchen 第5小时
2022-05-07 16:49:13 - root - INFO      - pre_mouse.py : 70 line - shenyanping 第5小时
2022-05-07 16:49:13 - root - INFO      - pre_mouse.py : 70 line - wangcheng 第5小时
2022-05-07 16:49:13 - root - INFO      - pre_mouse.py : 70 line - wanghe 第5小时
2022-05-07 16:49:13 - root - INFO      - pre_mouse.py : 70 line - chenyu 第6小时
2022-05-07 16:49:13 - root - INFO      - pre_mouse.py : 70 line - dongzhenyu 第6小时
2022-05-07 16:49:13 - root - INFO      - pre_mouse.py : 70 line - leishengchuan 第6小时
2022-05-07 16:49:13 - root - INFO      - pre_mouse.py : 70 line - liyajie 第6小时
2022-05-07 16:49:13 - root - INFO      - pre_mouse.py : 70 line - maoyu 第6小时
2022-05-07 16:49:13 - root - INFO      - pre_mouse.py : 70 line - niudanyang 第6小时
2022-05-07 16:49:13 - root - INFO      - pre_mouse.py : 70 line - renqiuchen 第6小时
2022-05-07 16:49:13 - root - INFO      - pre_mouse.py : 70 line - shenyanping 第6小时
2022-05-07 16:49:13 - root - INFO      - pre_mouse.py : 70 line - wangcheng 第6小时
2022-05-07 16:49:13 - root - INFO      - pre_mouse.py : 70 line - wanghe 第6小时
2022-05-07 16:49:13 - root - INFO      - pre_mouse.py : 70 line - chenyu 第7小时
2022-05-07 16:49:13 - root - INFO      - pre_mouse.py : 70 line - dongzhenyu 第7小时
2022-05-07 16:49:13 - root - INFO      - pre_mouse.py : 70 line - leishengchuan 第7小时
2022-05-07 16:49:13 - root - INFO      - pre_mouse.py : 70 line - liyajie 第7小时
2022-05-07 16:49:13 - root - INFO      - pre_mouse.py : 70 line - maoyu 第7小时
2022-05-07 16:49:13 - root - INFO      - pre_mouse.py : 70 line - niudanyang 第7小时
2022-05-07 16:49:13 - root - INFO      - pre_mouse.py : 70 line - renqiuchen 第7小时
2022-05-07 16:49:13 - root - INFO      - pre_mouse.py : 70 line - shenyanping 第7小时
2022-05-07 16:49:13 - root - INFO      - pre_mouse.py : 70 line - wangcheng 第7小时
2022-05-07 16:49:13 - root - INFO      - pre_mouse.py : 70 line - wanghe 第7小时
2022-05-07 16:49:13 - root - INFO      - pre_mouse.py : 70 line - chenyu 第8小时
2022-05-07 16:49:13 - root - INFO      - pre_mouse.py : 70 line - dongzhenyu 第8小时
2022-05-07 16:49:13 - root - INFO      - pre_mouse.py : 70 line - leishengchuan 第8小时
2022-05-07 16:49:13 - root - INFO      - pre_mouse.py : 70 line - liyajie 第8小时
2022-05-07 16:49:13 - root - INFO      - pre_mouse.py : 70 line - maoyu 第8小时
2022-05-07 16:49:13 - root - INFO      - pre_mouse.py : 70 line - niudanyang 第8小时
2022-05-07 16:49:13 - root - INFO      - pre_mouse.py : 70 line - renqiuchen 第8小时
2022-05-07 16:49:13 - root - INFO      - pre_mouse.py : 70 line - shenyanping 第8小时
2022-05-07 16:49:13 - root - INFO      - pre_mouse.py : 70 line - wangcheng 第8小时
2022-05-07 16:49:13 - root - INFO      - pre_mouse.py : 70 line - wanghe 第8小时
2022-05-07 16:49:13 - root - INFO      - pre_mouse.py : 70 line - chenyu 第9小时
2022-05-07 16:49:13 - root - INFO      - pre_mouse.py : 70 line - dongzhenyu 第9小时
2022-05-07 16:49:13 - root - INFO      - pre_mouse.py : 70 line - leishengchuan 第9小时
2022-05-07 16:49:13 - root - INFO      - pre_mouse.py : 70 line - liyajie 第9小时
2022-05-07 16:49:13 - root - INFO      - pre_mouse.py : 70 line - maoyu 第9小时
2022-05-07 16:49:13 - root - INFO      - pre_mouse.py : 70 line - niudanyang 第9小时
2022-05-07 16:49:13 - root - INFO      - pre_mouse.py : 70 line - renqiuchen 第9小时
2022-05-07 16:49:13 - root - INFO      - pre_mouse.py : 70 line - shenyanping 第9小时
2022-05-07 16:49:13 - root - INFO      - pre_mouse.py : 70 line - wangcheng 第9小时
2022-05-07 16:49:13 - root - INFO      - pre_mouse.py : 70 line - wanghe 第9小时
2022-05-07 16:49:13 - root - INFO      - pre_mouse.py : 70 line - chenyu 第10小时
2022-05-07 16:49:13 - root - INFO      - pre_mouse.py : 70 line - dongzhenyu 第10小时
2022-05-07 16:49:13 - root - INFO      - pre_mouse.py : 70 line - leishengchuan 第10小时
2022-05-07 16:49:13 - root - INFO      - pre_mouse.py : 70 line - liyajie 第10小时
2022-05-07 16:49:13 - root - INFO      - pre_mouse.py : 70 line - maoyu 第10小时
2022-05-07 16:49:13 - root - INFO      - pre_mouse.py : 70 line - niudanyang 第10小时
2022-05-07 16:49:13 - root - INFO      - pre_mouse.py : 70 line - renqiuchen 第10小时
2022-05-07 16:49:13 - root - INFO      - pre_mouse.py : 70 line - shenyanping 第10小时
2022-05-07 16:49:13 - root - INFO      - pre_mouse.py : 70 line - wangcheng 第10小时
2022-05-07 16:49:13 - root - INFO      - pre_mouse.py : 70 line - wanghe 第10小时
2022-05-07 16:49:13 - root - DEBUG     - pre_mouse.py : 139 line - read data ok!
2022-05-07 16:49:13 - root - DEBUG     - pre_mouse.py : 143 line - remove ok!
2022-05-07 16:49:13 - root - DEBUG     - pre_mouse.py : 149 line - start save!
2022-05-07 16:49:13 - root - DEBUG     - pre_mouse.py : 151 line - save ok!
2022-05-07 16:49:13 - root - DEBUG     - pre_mouse.py : 137 line - 240s start read data!
2022-05-07 16:49:13 - root - INFO      - pre_mouse.py : 70 line - chenyu 第1小时
2022-05-07 16:49:13 - root - INFO      - pre_mouse.py : 70 line - dongzhenyu 第1小时
2022-05-07 16:49:13 - root - INFO      - pre_mouse.py : 70 line - leishengchuan 第1小时
2022-05-07 16:49:13 - root - INFO      - pre_mouse.py : 70 line - liyajie 第1小时
2022-05-07 16:49:13 - root - INFO      - pre_mouse.py : 70 line - maoyu 第1小时
2022-05-07 16:49:13 - root - INFO      - pre_mouse.py : 70 line - niudanyang 第1小时
2022-05-07 16:49:13 - root - INFO      - pre_mouse.py : 70 line - renqiuchen 第1小时
2022-05-07 16:49:13 - root - INFO      - pre_mouse.py : 70 line - shenyanping 第1小时
2022-05-07 16:49:13 - root - INFO      - pre_mouse.py : 70 line - wangcheng 第1小时
2022-05-07 16:49:13 - root - INFO      - pre_mouse.py : 70 line - wanghe 第1小时
2022-05-07 16:49:13 - root - INFO      - pre_mouse.py : 70 line - chenyu 第2小时
2022-05-07 16:49:13 - root - INFO      - pre_mouse.py : 70 line - dongzhenyu 第2小时
2022-05-07 16:49:13 - root - INFO      - pre_mouse.py : 70 line - leishengchuan 第2小时
2022-05-07 16:49:13 - root - INFO      - pre_mouse.py : 70 line - liyajie 第2小时
2022-05-07 16:49:13 - root - INFO      - pre_mouse.py : 70 line - maoyu 第2小时
2022-05-07 16:49:13 - root - INFO      - pre_mouse.py : 70 line - niudanyang 第2小时
2022-05-07 16:49:13 - root - INFO      - pre_mouse.py : 70 line - renqiuchen 第2小时
2022-05-07 16:49:13 - root - INFO      - pre_mouse.py : 70 line - shenyanping 第2小时
2022-05-07 16:49:13 - root - INFO      - pre_mouse.py : 70 line - wangcheng 第2小时
2022-05-07 16:49:13 - root - INFO      - pre_mouse.py : 70 line - wanghe 第2小时
2022-05-07 16:49:13 - root - INFO      - pre_mouse.py : 70 line - chenyu 第3小时
2022-05-07 16:49:13 - root - INFO      - pre_mouse.py : 70 line - dongzhenyu 第3小时
2022-05-07 16:49:13 - root - INFO      - pre_mouse.py : 70 line - leishengchuan 第3小时
2022-05-07 16:49:13 - root - INFO      - pre_mouse.py : 70 line - liyajie 第3小时
2022-05-07 16:49:13 - root - INFO      - pre_mouse.py : 70 line - maoyu 第3小时
2022-05-07 16:49:13 - root - INFO      - pre_mouse.py : 70 line - niudanyang 第3小时
2022-05-07 16:49:14 - root - INFO      - pre_mouse.py : 70 line - renqiuchen 第3小时
2022-05-07 16:49:14 - root - INFO      - pre_mouse.py : 70 line - shenyanping 第3小时
2022-05-07 16:49:14 - root - INFO      - pre_mouse.py : 70 line - wangcheng 第3小时
2022-05-07 16:49:14 - root - INFO      - pre_mouse.py : 70 line - wanghe 第3小时
2022-05-07 16:49:14 - root - INFO      - pre_mouse.py : 70 line - chenyu 第4小时
2022-05-07 16:49:14 - root - INFO      - pre_mouse.py : 70 line - dongzhenyu 第4小时
2022-05-07 16:49:14 - root - INFO      - pre_mouse.py : 70 line - leishengchuan 第4小时
2022-05-07 16:49:14 - root - INFO      - pre_mouse.py : 70 line - liyajie 第4小时
2022-05-07 16:49:14 - root - INFO      - pre_mouse.py : 70 line - maoyu 第4小时
2022-05-07 16:49:14 - root - INFO      - pre_mouse.py : 70 line - niudanyang 第4小时
2022-05-07 16:49:14 - root - INFO      - pre_mouse.py : 70 line - renqiuchen 第4小时
2022-05-07 16:49:14 - root - INFO      - pre_mouse.py : 70 line - shenyanping 第4小时
2022-05-07 16:49:14 - root - INFO      - pre_mouse.py : 70 line - wangcheng 第4小时
2022-05-07 16:49:14 - root - INFO      - pre_mouse.py : 70 line - wanghe 第4小时
2022-05-07 16:49:14 - root - INFO      - pre_mouse.py : 70 line - chenyu 第5小时
2022-05-07 16:49:14 - root - INFO      - pre_mouse.py : 70 line - dongzhenyu 第5小时
2022-05-07 16:49:14 - root - INFO      - pre_mouse.py : 70 line - leishengchuan 第5小时
2022-05-07 16:49:14 - root - INFO      - pre_mouse.py : 70 line - liyajie 第5小时
2022-05-07 16:49:14 - root - INFO      - pre_mouse.py : 70 line - maoyu 第5小时
2022-05-07 16:49:14 - root - INFO      - pre_mouse.py : 70 line - niudanyang 第5小时
2022-05-07 16:49:14 - root - INFO      - pre_mouse.py : 70 line - renqiuchen 第5小时
2022-05-07 16:49:14 - root - INFO      - pre_mouse.py : 70 line - shenyanping 第5小时
2022-05-07 16:49:14 - root - INFO      - pre_mouse.py : 70 line - wangcheng 第5小时
2022-05-07 16:49:14 - root - INFO      - pre_mouse.py : 70 line - wanghe 第5小时
2022-05-07 16:49:14 - root - INFO      - pre_mouse.py : 70 line - chenyu 第6小时
2022-05-07 16:49:14 - root - INFO      - pre_mouse.py : 70 line - dongzhenyu 第6小时
2022-05-07 16:49:14 - root - INFO      - pre_mouse.py : 70 line - leishengchuan 第6小时
2022-05-07 16:49:14 - root - INFO      - pre_mouse.py : 70 line - liyajie 第6小时
2022-05-07 16:49:14 - root - INFO      - pre_mouse.py : 70 line - maoyu 第6小时
2022-05-07 16:49:14 - root - INFO      - pre_mouse.py : 70 line - niudanyang 第6小时
2022-05-07 16:49:14 - root - INFO      - pre_mouse.py : 70 line - renqiuchen 第6小时
2022-05-07 16:49:14 - root - INFO      - pre_mouse.py : 70 line - shenyanping 第6小时
2022-05-07 16:49:14 - root - INFO      - pre_mouse.py : 70 line - wangcheng 第6小时
2022-05-07 16:49:14 - root - INFO      - pre_mouse.py : 70 line - wanghe 第6小时
2022-05-07 16:49:14 - root - INFO      - pre_mouse.py : 70 line - chenyu 第7小时
2022-05-07 16:49:14 - root - INFO      - pre_mouse.py : 70 line - dongzhenyu 第7小时
2022-05-07 16:49:14 - root - INFO      - pre_mouse.py : 70 line - leishengchuan 第7小时
2022-05-07 16:49:14 - root - INFO      - pre_mouse.py : 70 line - liyajie 第7小时
2022-05-07 16:49:14 - root - INFO      - pre_mouse.py : 70 line - maoyu 第7小时
2022-05-07 16:49:14 - root - INFO      - pre_mouse.py : 70 line - niudanyang 第7小时
2022-05-07 16:49:15 - root - INFO      - pre_mouse.py : 70 line - renqiuchen 第7小时
2022-05-07 16:49:15 - root - INFO      - pre_mouse.py : 70 line - shenyanping 第7小时
2022-05-07 16:49:15 - root - INFO      - pre_mouse.py : 70 line - wangcheng 第7小时
2022-05-07 16:49:15 - root - INFO      - pre_mouse.py : 70 line - wanghe 第7小时
2022-05-07 16:49:15 - root - INFO      - pre_mouse.py : 70 line - chenyu 第8小时
2022-05-07 16:49:15 - root - INFO      - pre_mouse.py : 70 line - dongzhenyu 第8小时
2022-05-07 16:49:15 - root - INFO      - pre_mouse.py : 70 line - leishengchuan 第8小时
2022-05-07 16:49:15 - root - INFO      - pre_mouse.py : 70 line - liyajie 第8小时
2022-05-07 16:49:15 - root - INFO      - pre_mouse.py : 70 line - maoyu 第8小时
2022-05-07 16:49:15 - root - INFO      - pre_mouse.py : 70 line - niudanyang 第8小时
2022-05-07 16:49:15 - root - INFO      - pre_mouse.py : 70 line - renqiuchen 第8小时
2022-05-07 16:49:15 - root - INFO      - pre_mouse.py : 70 line - shenyanping 第8小时
2022-05-07 16:49:15 - root - INFO      - pre_mouse.py : 70 line - wangcheng 第8小时
2022-05-07 16:49:15 - root - INFO      - pre_mouse.py : 70 line - wanghe 第8小时
2022-05-07 16:49:15 - root - INFO      - pre_mouse.py : 70 line - chenyu 第9小时
2022-05-07 16:49:15 - root - INFO      - pre_mouse.py : 70 line - dongzhenyu 第9小时
2022-05-07 16:49:15 - root - INFO      - pre_mouse.py : 70 line - leishengchuan 第9小时
2022-05-07 16:49:15 - root - INFO      - pre_mouse.py : 70 line - liyajie 第9小时
2022-05-07 16:49:15 - root - INFO      - pre_mouse.py : 70 line - maoyu 第9小时
2022-05-07 16:49:15 - root - INFO      - pre_mouse.py : 70 line - niudanyang 第9小时
2022-05-07 16:49:15 - root - INFO      - pre_mouse.py : 70 line - renqiuchen 第9小时
2022-05-07 16:49:15 - root - INFO      - pre_mouse.py : 70 line - shenyanping 第9小时
2022-05-07 16:49:15 - root - INFO      - pre_mouse.py : 70 line - wangcheng 第9小时
2022-05-07 16:49:15 - root - INFO      - pre_mouse.py : 70 line - wanghe 第9小时
2022-05-07 16:49:15 - root - INFO      - pre_mouse.py : 70 line - chenyu 第10小时
2022-05-07 16:49:15 - root - INFO      - pre_mouse.py : 70 line - dongzhenyu 第10小时
2022-05-07 16:49:15 - root - INFO      - pre_mouse.py : 70 line - leishengchuan 第10小时
2022-05-07 16:49:15 - root - INFO      - pre_mouse.py : 70 line - liyajie 第10小时
2022-05-07 16:49:15 - root - INFO      - pre_mouse.py : 70 line - maoyu 第10小时
2022-05-07 16:49:15 - root - INFO      - pre_mouse.py : 70 line - niudanyang 第10小时
2022-05-07 16:49:15 - root - INFO      - pre_mouse.py : 70 line - renqiuchen 第10小时
2022-05-07 16:49:15 - root - INFO      - pre_mouse.py : 70 line - shenyanping 第10小时
2022-05-07 16:49:15 - root - INFO      - pre_mouse.py : 70 line - wangcheng 第10小时
2022-05-07 16:49:15 - root - INFO      - pre_mouse.py : 70 line - wanghe 第10小时
2022-05-07 16:49:15 - root - DEBUG     - pre_mouse.py : 139 line - read data ok!
2022-05-07 16:49:15 - root - DEBUG     - pre_mouse.py : 143 line - remove ok!
2022-05-07 16:49:15 - root - DEBUG     - pre_mouse.py : 149 line - start save!
2022-05-07 16:49:15 - root - DEBUG     - pre_mouse.py : 151 line - save ok!
2022-05-07 16:49:15 - root - DEBUG     - pre_mouse.py : 137 line - 270s start read data!
2022-05-07 16:49:15 - root - INFO      - pre_mouse.py : 70 line - chenyu 第1小时
2022-05-07 16:49:15 - root - INFO      - pre_mouse.py : 70 line - dongzhenyu 第1小时
2022-05-07 16:49:15 - root - INFO      - pre_mouse.py : 70 line - leishengchuan 第1小时
2022-05-07 16:49:15 - root - INFO      - pre_mouse.py : 70 line - liyajie 第1小时
2022-05-07 16:49:15 - root - INFO      - pre_mouse.py : 70 line - maoyu 第1小时
2022-05-07 16:49:15 - root - INFO      - pre_mouse.py : 70 line - niudanyang 第1小时
2022-05-07 16:49:15 - root - INFO      - pre_mouse.py : 70 line - renqiuchen 第1小时
2022-05-07 16:49:15 - root - INFO      - pre_mouse.py : 70 line - shenyanping 第1小时
2022-05-07 16:49:15 - root - INFO      - pre_mouse.py : 70 line - wangcheng 第1小时
2022-05-07 16:49:15 - root - INFO      - pre_mouse.py : 70 line - wanghe 第1小时
2022-05-07 16:49:15 - root - INFO      - pre_mouse.py : 70 line - chenyu 第2小时
2022-05-07 16:49:15 - root - INFO      - pre_mouse.py : 70 line - dongzhenyu 第2小时
2022-05-07 16:49:15 - root - INFO      - pre_mouse.py : 70 line - leishengchuan 第2小时
2022-05-07 16:49:15 - root - INFO      - pre_mouse.py : 70 line - liyajie 第2小时
2022-05-07 16:49:15 - root - INFO      - pre_mouse.py : 70 line - maoyu 第2小时
2022-05-07 16:49:15 - root - INFO      - pre_mouse.py : 70 line - niudanyang 第2小时
2022-05-07 16:49:15 - root - INFO      - pre_mouse.py : 70 line - renqiuchen 第2小时
2022-05-07 16:49:15 - root - INFO      - pre_mouse.py : 70 line - shenyanping 第2小时
2022-05-07 16:49:15 - root - INFO      - pre_mouse.py : 70 line - wangcheng 第2小时
2022-05-07 16:49:15 - root - INFO      - pre_mouse.py : 70 line - wanghe 第2小时
2022-05-07 16:49:15 - root - INFO      - pre_mouse.py : 70 line - chenyu 第3小时
2022-05-07 16:49:15 - root - INFO      - pre_mouse.py : 70 line - dongzhenyu 第3小时
2022-05-07 16:49:15 - root - INFO      - pre_mouse.py : 70 line - leishengchuan 第3小时
2022-05-07 16:49:15 - root - INFO      - pre_mouse.py : 70 line - liyajie 第3小时
2022-05-07 16:49:15 - root - INFO      - pre_mouse.py : 70 line - maoyu 第3小时
2022-05-07 16:49:15 - root - INFO      - pre_mouse.py : 70 line - niudanyang 第3小时
2022-05-07 16:49:15 - root - INFO      - pre_mouse.py : 70 line - renqiuchen 第3小时
2022-05-07 16:49:15 - root - INFO      - pre_mouse.py : 70 line - shenyanping 第3小时
2022-05-07 16:49:15 - root - INFO      - pre_mouse.py : 70 line - wangcheng 第3小时
2022-05-07 16:49:15 - root - INFO      - pre_mouse.py : 70 line - wanghe 第3小时
2022-05-07 16:49:15 - root - INFO      - pre_mouse.py : 70 line - chenyu 第4小时
2022-05-07 16:49:15 - root - INFO      - pre_mouse.py : 70 line - dongzhenyu 第4小时
2022-05-07 16:49:15 - root - INFO      - pre_mouse.py : 70 line - leishengchuan 第4小时
2022-05-07 16:49:15 - root - INFO      - pre_mouse.py : 70 line - liyajie 第4小时
2022-05-07 16:49:15 - root - INFO      - pre_mouse.py : 70 line - maoyu 第4小时
2022-05-07 16:49:15 - root - INFO      - pre_mouse.py : 70 line - niudanyang 第4小时
2022-05-07 16:49:15 - root - INFO      - pre_mouse.py : 70 line - renqiuchen 第4小时
2022-05-07 16:49:15 - root - INFO      - pre_mouse.py : 70 line - shenyanping 第4小时
2022-05-07 16:49:15 - root - INFO      - pre_mouse.py : 70 line - wangcheng 第4小时
2022-05-07 16:49:15 - root - INFO      - pre_mouse.py : 70 line - wanghe 第4小时
2022-05-07 16:49:15 - root - INFO      - pre_mouse.py : 70 line - chenyu 第5小时
2022-05-07 16:49:15 - root - INFO      - pre_mouse.py : 70 line - dongzhenyu 第5小时
2022-05-07 16:49:15 - root - INFO      - pre_mouse.py : 70 line - leishengchuan 第5小时
2022-05-07 16:49:15 - root - INFO      - pre_mouse.py : 70 line - liyajie 第5小时
2022-05-07 16:49:15 - root - INFO      - pre_mouse.py : 70 line - maoyu 第5小时
2022-05-07 16:49:15 - root - INFO      - pre_mouse.py : 70 line - niudanyang 第5小时
2022-05-07 16:49:15 - root - INFO      - pre_mouse.py : 70 line - renqiuchen 第5小时
2022-05-07 16:49:15 - root - INFO      - pre_mouse.py : 70 line - shenyanping 第5小时
2022-05-07 16:49:15 - root - INFO      - pre_mouse.py : 70 line - wangcheng 第5小时
2022-05-07 16:49:15 - root - INFO      - pre_mouse.py : 70 line - wanghe 第5小时
2022-05-07 16:49:15 - root - INFO      - pre_mouse.py : 70 line - chenyu 第6小时
2022-05-07 16:49:15 - root - INFO      - pre_mouse.py : 70 line - dongzhenyu 第6小时
2022-05-07 16:49:15 - root - INFO      - pre_mouse.py : 70 line - leishengchuan 第6小时
2022-05-07 16:49:15 - root - INFO      - pre_mouse.py : 70 line - liyajie 第6小时
2022-05-07 16:49:15 - root - INFO      - pre_mouse.py : 70 line - maoyu 第6小时
2022-05-07 16:49:15 - root - INFO      - pre_mouse.py : 70 line - niudanyang 第6小时
2022-05-07 16:49:15 - root - INFO      - pre_mouse.py : 70 line - renqiuchen 第6小时
2022-05-07 16:49:15 - root - INFO      - pre_mouse.py : 70 line - shenyanping 第6小时
2022-05-07 16:49:15 - root - INFO      - pre_mouse.py : 70 line - wangcheng 第6小时
2022-05-07 16:49:15 - root - INFO      - pre_mouse.py : 70 line - wanghe 第6小时
2022-05-07 16:49:15 - root - INFO      - pre_mouse.py : 70 line - chenyu 第7小时
2022-05-07 16:49:15 - root - INFO      - pre_mouse.py : 70 line - dongzhenyu 第7小时
2022-05-07 16:49:15 - root - INFO      - pre_mouse.py : 70 line - leishengchuan 第7小时
2022-05-07 16:49:15 - root - INFO      - pre_mouse.py : 70 line - liyajie 第7小时
2022-05-07 16:49:15 - root - INFO      - pre_mouse.py : 70 line - maoyu 第7小时
2022-05-07 16:49:15 - root - INFO      - pre_mouse.py : 70 line - niudanyang 第7小时
2022-05-07 16:49:15 - root - INFO      - pre_mouse.py : 70 line - renqiuchen 第7小时
2022-05-07 16:49:15 - root - INFO      - pre_mouse.py : 70 line - shenyanping 第7小时
2022-05-07 16:49:15 - root - INFO      - pre_mouse.py : 70 line - wangcheng 第7小时
2022-05-07 16:49:15 - root - INFO      - pre_mouse.py : 70 line - wanghe 第7小时
2022-05-07 16:49:15 - root - INFO      - pre_mouse.py : 70 line - chenyu 第8小时
2022-05-07 16:49:15 - root - INFO      - pre_mouse.py : 70 line - dongzhenyu 第8小时
2022-05-07 16:49:15 - root - INFO      - pre_mouse.py : 70 line - leishengchuan 第8小时
2022-05-07 16:49:15 - root - INFO      - pre_mouse.py : 70 line - liyajie 第8小时
2022-05-07 16:49:15 - root - INFO      - pre_mouse.py : 70 line - maoyu 第8小时
2022-05-07 16:49:15 - root - INFO      - pre_mouse.py : 70 line - niudanyang 第8小时
2022-05-07 16:49:15 - root - INFO      - pre_mouse.py : 70 line - renqiuchen 第8小时
2022-05-07 16:49:15 - root - INFO      - pre_mouse.py : 70 line - shenyanping 第8小时
2022-05-07 16:49:15 - root - INFO      - pre_mouse.py : 70 line - wangcheng 第8小时
2022-05-07 16:49:15 - root - INFO      - pre_mouse.py : 70 line - wanghe 第8小时
2022-05-07 16:49:15 - root - INFO      - pre_mouse.py : 70 line - chenyu 第9小时
2022-05-07 16:49:15 - root - INFO      - pre_mouse.py : 70 line - dongzhenyu 第9小时
2022-05-07 16:49:15 - root - INFO      - pre_mouse.py : 70 line - leishengchuan 第9小时
2022-05-07 16:49:15 - root - INFO      - pre_mouse.py : 70 line - liyajie 第9小时
2022-05-07 16:49:15 - root - INFO      - pre_mouse.py : 70 line - maoyu 第9小时
2022-05-07 16:49:15 - root - INFO      - pre_mouse.py : 70 line - niudanyang 第9小时
2022-05-07 16:49:15 - root - INFO      - pre_mouse.py : 70 line - renqiuchen 第9小时
2022-05-07 16:49:15 - root - INFO      - pre_mouse.py : 70 line - shenyanping 第9小时
2022-05-07 16:49:15 - root - INFO      - pre_mouse.py : 70 line - wangcheng 第9小时
2022-05-07 16:49:15 - root - INFO      - pre_mouse.py : 70 line - wanghe 第9小时
2022-05-07 16:49:15 - root - INFO      - pre_mouse.py : 70 line - chenyu 第10小时
2022-05-07 16:49:15 - root - INFO      - pre_mouse.py : 70 line - dongzhenyu 第10小时
2022-05-07 16:49:15 - root - INFO      - pre_mouse.py : 70 line - leishengchuan 第10小时
2022-05-07 16:49:15 - root - INFO      - pre_mouse.py : 70 line - liyajie 第10小时
2022-05-07 16:49:15 - root - INFO      - pre_mouse.py : 70 line - maoyu 第10小时
2022-05-07 16:49:16 - root - INFO      - pre_mouse.py : 70 line - niudanyang 第10小时
2022-05-07 16:49:16 - root - INFO      - pre_mouse.py : 70 line - renqiuchen 第10小时
2022-05-07 16:49:16 - root - INFO      - pre_mouse.py : 70 line - shenyanping 第10小时
2022-05-07 16:49:16 - root - INFO      - pre_mouse.py : 70 line - wangcheng 第10小时
2022-05-07 16:49:16 - root - INFO      - pre_mouse.py : 70 line - wanghe 第10小时
2022-05-07 16:49:16 - root - DEBUG     - pre_mouse.py : 139 line - read data ok!
2022-05-07 16:49:16 - root - DEBUG     - pre_mouse.py : 143 line - remove ok!
2022-05-07 16:49:16 - root - DEBUG     - pre_mouse.py : 149 line - start save!
2022-05-07 16:49:16 - root - DEBUG     - pre_mouse.py : 151 line - save ok!
2022-05-07 16:49:16 - root - DEBUG     - pre_mouse.py : 137 line - 300s start read data!
2022-05-07 16:49:16 - root - INFO      - pre_mouse.py : 70 line - chenyu 第1小时
2022-05-07 16:49:16 - root - INFO      - pre_mouse.py : 70 line - dongzhenyu 第1小时
2022-05-07 16:49:16 - root - INFO      - pre_mouse.py : 70 line - leishengchuan 第1小时
2022-05-07 16:49:16 - root - INFO      - pre_mouse.py : 70 line - liyajie 第1小时
2022-05-07 16:49:16 - root - INFO      - pre_mouse.py : 70 line - maoyu 第1小时
2022-05-07 16:49:16 - root - INFO      - pre_mouse.py : 70 line - niudanyang 第1小时
2022-05-07 16:49:16 - root - INFO      - pre_mouse.py : 70 line - renqiuchen 第1小时
2022-05-07 16:49:16 - root - INFO      - pre_mouse.py : 70 line - shenyanping 第1小时
2022-05-07 16:49:16 - root - INFO      - pre_mouse.py : 70 line - wangcheng 第1小时
2022-05-07 16:49:16 - root - INFO      - pre_mouse.py : 70 line - wanghe 第1小时
2022-05-07 16:49:16 - root - INFO      - pre_mouse.py : 70 line - chenyu 第2小时
2022-05-07 16:49:16 - root - INFO      - pre_mouse.py : 70 line - dongzhenyu 第2小时
2022-05-07 16:49:16 - root - INFO      - pre_mouse.py : 70 line - leishengchuan 第2小时
2022-05-07 16:49:16 - root - INFO      - pre_mouse.py : 70 line - liyajie 第2小时
2022-05-07 16:49:16 - root - INFO      - pre_mouse.py : 70 line - maoyu 第2小时
2022-05-07 16:49:16 - root - INFO      - pre_mouse.py : 70 line - niudanyang 第2小时
2022-05-07 16:49:16 - root - INFO      - pre_mouse.py : 70 line - renqiuchen 第2小时
2022-05-07 16:49:16 - root - INFO      - pre_mouse.py : 70 line - shenyanping 第2小时
2022-05-07 16:49:16 - root - INFO      - pre_mouse.py : 70 line - wangcheng 第2小时
2022-05-07 16:49:16 - root - INFO      - pre_mouse.py : 70 line - wanghe 第2小时
2022-05-07 16:49:16 - root - INFO      - pre_mouse.py : 70 line - chenyu 第3小时
2022-05-07 16:49:16 - root - INFO      - pre_mouse.py : 70 line - dongzhenyu 第3小时
2022-05-07 16:49:16 - root - INFO      - pre_mouse.py : 70 line - leishengchuan 第3小时
2022-05-07 16:49:16 - root - INFO      - pre_mouse.py : 70 line - liyajie 第3小时
2022-05-07 16:49:16 - root - INFO      - pre_mouse.py : 70 line - maoyu 第3小时
2022-05-07 16:49:16 - root - INFO      - pre_mouse.py : 70 line - niudanyang 第3小时
2022-05-07 16:49:16 - root - INFO      - pre_mouse.py : 70 line - renqiuchen 第3小时
2022-05-07 16:49:16 - root - INFO      - pre_mouse.py : 70 line - shenyanping 第3小时
2022-05-07 16:49:16 - root - INFO      - pre_mouse.py : 70 line - wangcheng 第3小时
2022-05-07 16:49:16 - root - INFO      - pre_mouse.py : 70 line - wanghe 第3小时
2022-05-07 16:49:16 - root - INFO      - pre_mouse.py : 70 line - chenyu 第4小时
2022-05-07 16:49:16 - root - INFO      - pre_mouse.py : 70 line - dongzhenyu 第4小时
2022-05-07 16:49:16 - root - INFO      - pre_mouse.py : 70 line - leishengchuan 第4小时
2022-05-07 16:49:16 - root - INFO      - pre_mouse.py : 70 line - liyajie 第4小时
2022-05-07 16:49:16 - root - INFO      - pre_mouse.py : 70 line - maoyu 第4小时
2022-05-07 16:49:16 - root - INFO      - pre_mouse.py : 70 line - niudanyang 第4小时
2022-05-07 16:49:16 - root - INFO      - pre_mouse.py : 70 line - renqiuchen 第4小时
2022-05-07 16:49:16 - root - INFO      - pre_mouse.py : 70 line - shenyanping 第4小时
2022-05-07 16:49:16 - root - INFO      - pre_mouse.py : 70 line - wangcheng 第4小时
2022-05-07 16:49:16 - root - INFO      - pre_mouse.py : 70 line - wanghe 第4小时
2022-05-07 16:49:16 - root - INFO      - pre_mouse.py : 70 line - chenyu 第5小时
2022-05-07 16:49:16 - root - INFO      - pre_mouse.py : 70 line - dongzhenyu 第5小时
2022-05-07 16:49:16 - root - INFO      - pre_mouse.py : 70 line - leishengchuan 第5小时
2022-05-07 16:49:16 - root - INFO      - pre_mouse.py : 70 line - liyajie 第5小时
2022-05-07 16:49:16 - root - INFO      - pre_mouse.py : 70 line - maoyu 第5小时
2022-05-07 16:49:16 - root - INFO      - pre_mouse.py : 70 line - niudanyang 第5小时
2022-05-07 16:49:16 - root - INFO      - pre_mouse.py : 70 line - renqiuchen 第5小时
2022-05-07 16:49:16 - root - INFO      - pre_mouse.py : 70 line - shenyanping 第5小时
2022-05-07 16:49:16 - root - INFO      - pre_mouse.py : 70 line - wangcheng 第5小时
2022-05-07 16:49:16 - root - INFO      - pre_mouse.py : 70 line - wanghe 第5小时
2022-05-07 16:49:16 - root - INFO      - pre_mouse.py : 70 line - chenyu 第6小时
2022-05-07 16:49:16 - root - INFO      - pre_mouse.py : 70 line - dongzhenyu 第6小时
2022-05-07 16:49:16 - root - INFO      - pre_mouse.py : 70 line - leishengchuan 第6小时
2022-05-07 16:49:16 - root - INFO      - pre_mouse.py : 70 line - liyajie 第6小时
2022-05-07 16:49:16 - root - INFO      - pre_mouse.py : 70 line - maoyu 第6小时
2022-05-07 16:49:16 - root - INFO      - pre_mouse.py : 70 line - niudanyang 第6小时
2022-05-07 16:49:16 - root - INFO      - pre_mouse.py : 70 line - renqiuchen 第6小时
2022-05-07 16:49:16 - root - INFO      - pre_mouse.py : 70 line - shenyanping 第6小时
2022-05-07 16:49:16 - root - INFO      - pre_mouse.py : 70 line - wangcheng 第6小时
2022-05-07 16:49:16 - root - INFO      - pre_mouse.py : 70 line - wanghe 第6小时
2022-05-07 16:49:16 - root - INFO      - pre_mouse.py : 70 line - chenyu 第7小时
2022-05-07 16:49:16 - root - INFO      - pre_mouse.py : 70 line - dongzhenyu 第7小时
2022-05-07 16:49:16 - root - INFO      - pre_mouse.py : 70 line - leishengchuan 第7小时
2022-05-07 16:49:16 - root - INFO      - pre_mouse.py : 70 line - liyajie 第7小时
2022-05-07 16:49:16 - root - INFO      - pre_mouse.py : 70 line - maoyu 第7小时
2022-05-07 16:49:16 - root - INFO      - pre_mouse.py : 70 line - niudanyang 第7小时
2022-05-07 16:49:16 - root - INFO      - pre_mouse.py : 70 line - renqiuchen 第7小时
2022-05-07 16:49:16 - root - INFO      - pre_mouse.py : 70 line - shenyanping 第7小时
2022-05-07 16:49:16 - root - INFO      - pre_mouse.py : 70 line - wangcheng 第7小时
2022-05-07 16:49:16 - root - INFO      - pre_mouse.py : 70 line - wanghe 第7小时
2022-05-07 16:49:16 - root - INFO      - pre_mouse.py : 70 line - chenyu 第8小时
2022-05-07 16:49:16 - root - INFO      - pre_mouse.py : 70 line - dongzhenyu 第8小时
2022-05-07 16:49:16 - root - INFO      - pre_mouse.py : 70 line - leishengchuan 第8小时
2022-05-07 16:49:16 - root - INFO      - pre_mouse.py : 70 line - liyajie 第8小时
2022-05-07 16:49:16 - root - INFO      - pre_mouse.py : 70 line - maoyu 第8小时
2022-05-07 16:49:16 - root - INFO      - pre_mouse.py : 70 line - niudanyang 第8小时
2022-05-07 16:49:16 - root - INFO      - pre_mouse.py : 70 line - renqiuchen 第8小时
2022-05-07 16:49:16 - root - INFO      - pre_mouse.py : 70 line - shenyanping 第8小时
2022-05-07 16:49:16 - root - INFO      - pre_mouse.py : 70 line - wangcheng 第8小时
2022-05-07 16:49:16 - root - INFO      - pre_mouse.py : 70 line - wanghe 第8小时
2022-05-07 16:49:16 - root - INFO      - pre_mouse.py : 70 line - chenyu 第9小时
2022-05-07 16:49:16 - root - INFO      - pre_mouse.py : 70 line - dongzhenyu 第9小时
2022-05-07 16:49:16 - root - INFO      - pre_mouse.py : 70 line - leishengchuan 第9小时
2022-05-07 16:49:16 - root - INFO      - pre_mouse.py : 70 line - liyajie 第9小时
2022-05-07 16:49:16 - root - INFO      - pre_mouse.py : 70 line - maoyu 第9小时
2022-05-07 16:49:16 - root - INFO      - pre_mouse.py : 70 line - niudanyang 第9小时
2022-05-07 16:49:16 - root - INFO      - pre_mouse.py : 70 line - renqiuchen 第9小时
2022-05-07 16:49:16 - root - INFO      - pre_mouse.py : 70 line - shenyanping 第9小时
2022-05-07 16:49:16 - root - INFO      - pre_mouse.py : 70 line - wangcheng 第9小时
2022-05-07 16:49:16 - root - INFO      - pre_mouse.py : 70 line - wanghe 第9小时
2022-05-07 16:49:16 - root - INFO      - pre_mouse.py : 70 line - chenyu 第10小时
2022-05-07 16:49:16 - root - INFO      - pre_mouse.py : 70 line - dongzhenyu 第10小时
2022-05-07 16:49:16 - root - INFO      - pre_mouse.py : 70 line - leishengchuan 第10小时
2022-05-07 16:49:16 - root - INFO      - pre_mouse.py : 70 line - liyajie 第10小时
2022-05-07 16:49:16 - root - INFO      - pre_mouse.py : 70 line - maoyu 第10小时
2022-05-07 16:49:16 - root - INFO      - pre_mouse.py : 70 line - niudanyang 第10小时
2022-05-07 16:49:16 - root - INFO      - pre_mouse.py : 70 line - renqiuchen 第10小时
2022-05-07 16:49:16 - root - INFO      - pre_mouse.py : 70 line - shenyanping 第10小时
2022-05-07 16:49:16 - root - INFO      - pre_mouse.py : 70 line - wangcheng 第10小时
2022-05-07 16:49:16 - root - INFO      - pre_mouse.py : 70 line - wanghe 第10小时
2022-05-07 16:49:16 - root - DEBUG     - pre_mouse.py : 139 line - read data ok!
2022-05-07 16:49:16 - root - DEBUG     - pre_mouse.py : 143 line - remove ok!
2022-05-07 16:49:16 - root - DEBUG     - pre_mouse.py : 149 line - start save!
2022-05-07 16:49:16 - root - DEBUG     - pre_mouse.py : 151 line - save ok!
2022-05-07 16:49:16 - root - DEBUG     - pre_mouse.py : 156 line - total use time:8.05281949043274
